#
# There is insufficient memory for the Java Runtime Environment to continue.
# Native memory allocation (mmap) failed to map 424673280 bytes for committing reserved memory.
# Possible reasons:
#   The system is out of physical RAM or swap space
#   The process is running with CompressedOops enabled, and the Java Heap may be blocking the growth of the native heap
# Possible solutions:
#   Reduce memory load on the system
#   Increase physical memory or swap space
#   Check if swap backing store is full
#   Decrease Java heap size (-Xmx/-Xms)
#   Decrease number of Java threads
#   Decrease Java thread stack sizes (-Xss)
#   Set larger code cache with -XX:ReservedCodeCacheSize=
#   JVM is running with Zero Based Compressed Oops mode in which the Java heap is
#     placed in the first 32GB address space. The Java Heap base address is the
#     maximum limit for the native heap growth. Please use -XX:HeapBaseMinAddress
#     to set the Java Heap base and to place the Java Heap above 32GB virtual address.
# This output file may be truncated or incomplete.
#
#  Out of Memory Error (os_linux.cpp:2754), pid=27533, tid=0x00007f287e820700
#
# JRE version: OpenJDK Runtime Environment (8.0_222-b05) (build 1.8.0_222-b05)
# Java VM: OpenJDK 64-Bit Server VM (25.222-b05 mixed mode linux-amd64 compressed oops)
# Core dump written. Default location: /home/zhang/Git/mc-ss/core or core.27533
#

---------------  T H R E A D  ---------------

Current thread (0x00007f28940fa800):  VMThread [stack: 0x00007f287e721000,0x00007f287e821000] [id=27537]

Stack: [0x00007f287e721000,0x00007f287e821000],  sp=0x00007f287e81f3f0,  free space=1016k
Native frames: (J=compiled Java code, j=interpreted, Vv=VM code, C=native code)
V  [libjvm.so+0xa0865c]
V  [libjvm.so+0x4aa2ee]
V  [libjvm.so+0x87070c]
V  [libjvm.so+0x868140]
V  [libjvm.so+0x8dfd6f]
V  [libjvm.so+0x8cf655]
V  [libjvm.so+0x8cf798]
V  [libjvm.so+0x8cfc31]
V  [libjvm.so+0x8d6720]
V  [libjvm.so+0x8de366]
V  [libjvm.so+0x8917ea]
V  [libjvm.so+0xa0a29a]
V  [libjvm.so+0xa0f547]
V  [libjvm.so+0xa0d0f0]
V  [libjvm.so+0xa0e26d]
V  [libjvm.so+0xa0e4f1]
V  [libjvm.so+0x86dd54]

VM_Operation (0x00007f28403f44f0): ParallelGCFailedAllocation, mode: safepoint, requested by thread 0x00007f284800c800


---------------  P R O C E S S  ---------------

Java Threads: ( => current thread )
  0x00007f283c489800 JavaThread "Java2D Disposer" daemon [_thread_blocked, id=29442, stack(0x00007f28386fc000,0x00007f28387fd000)]
  0x00007f283c460800 JavaThread "Timer-39" [_thread_blocked, id=29441, stack(0x00007f28400f3000,0x00007f28401f4000)]
  0x00007f283c2b2800 JavaThread "Server Watchdog" daemon [_thread_blocked, id=29440, stack(0x00007f28401f4000,0x00007f28402f5000)]
  0x00007f284800c800 JavaThread "Netty Epoll Server IO #3" daemon [_thread_blocked, id=27973, stack(0x00007f28402f5000,0x00007f28403f6000)]
  0x00007f284800c000 JavaThread "Netty Epoll Server IO #2" daemon [_thread_blocked, id=27971, stack(0x00007f2870c9e000,0x00007f2870d9f000)]
  0x00007f284800a000 JavaThread "Netty Epoll Server IO #1" daemon [_thread_blocked, id=27965, stack(0x00007f2841865000,0x00007f2841966000)]
  0x00007f283c0b6800 JavaThread "Netty Epoll Server IO #0" daemon [_thread_blocked, id=27961, stack(0x00007f2841d69000,0x00007f2841e6a000)]
  0x00007f283c0b2000 JavaThread "ObjectCleanerThread" daemon [_thread_blocked, id=27960, stack(0x00007f2841e6a000,0x00007f2841f6b000)]
  0x00007f283c002000 JavaThread "Server console handler" daemon [_thread_in_native, id=27959, stack(0x00007f284217b000,0x00007f284227c000)]
  0x00007f289400a800 JavaThread "DestroyJavaVM" [_thread_blocked, id=27534, stack(0x00007f2898558000,0x00007f2898658000)]
  0x00007f2895179000 JavaThread "Server thread" [_thread_blocked, id=27958, stack(0x00007f284227c000,0x00007f284237d000)]
  0x00007f28950c5800 JavaThread "Server Infinisleeper" daemon [_thread_blocked, id=27957, stack(0x00007f28704d2000,0x00007f28705d3000)]
  0x00007f289509f000 JavaThread "Snooper Timer" daemon [_thread_blocked, id=27956, stack(0x00007f28705d3000,0x00007f28706d4000)]
  0x00007f2894141000 JavaThread "Service Thread" daemon [_thread_blocked, id=27543, stack(0x00007f287de35000,0x00007f287df36000)]
  0x00007f289413e000 JavaThread "C1 CompilerThread1" daemon [_thread_blocked, id=27542, stack(0x00007f287df37000,0x00007f287e037000)]
  0x00007f289413b000 JavaThread "C2 CompilerThread0" daemon [_thread_blocked, id=27541, stack(0x00007f287e038000,0x00007f287e138000)]
  0x00007f289413a000 JavaThread "Signal Dispatcher" daemon [_thread_blocked, id=27540, stack(0x00007f287e138000,0x00007f287e239000)]
  0x00007f2894106800 JavaThread "Finalizer" daemon [_thread_blocked, id=27539, stack(0x00007f287e51e000,0x00007f287e61f000)]
  0x00007f2894104000 JavaThread "Reference Handler" daemon [_thread_blocked, id=27538, stack(0x00007f287e61f000,0x00007f287e720000)]

Other Threads:
=>0x00007f28940fa800 VMThread [stack: 0x00007f287e721000,0x00007f287e821000] [id=27537]
  0x00007f2894143800 WatcherThread [stack: 0x00007f287dd35000,0x00007f287de35000] [id=27544]

VM state:at safepoint (normal execution)

VM Mutex/Monitor currently owned by a thread:  ([mutex/lock_event])
[0x00007f2894007280] ExpandHeap_lock - owner thread: 0x00007f28940fa800
[0x00007f2894007900] Threads_lock - owner thread: 0x00007f28940fa800
[0x00007f2894007e00] Heap_lock - owner thread: 0x00007f284800c800

heap address: 0x00000006e5400000, size: 3500 MB, Compressed Oops mode: Zero based, Oop shift amount: 3
Narrow klass base: 0x0000000000000000, Narrow klass shift: 3
Compressed class space size: 1073741824 Address: 0x00000007c0000000

Heap:
 PSYoungGen      total 1180160K, used 0K [0x0000000777180000, 0x00000007c0000000, 0x00000007c0000000)
  eden space 1165824K, 0% used [0x0000000777180000,0x0000000777180000,0x00000007be400000)
  from space 14336K, 0% used [0x00000007be400000,0x00000007be400000,0x00000007bf200000)
  to   space 14336K, 0% used [0x00000007bf200000,0x00000007bf200000,0x00000007c0000000)
 ParOldGen       total 1974784K, used 493931K [0x00000006e5400000, 0x000000075dc80000, 0x0000000777180000)
  object space 1974784K, 25% used [0x00000006e5400000,0x000000070365acb0,0x000000075dc80000)
 Metaspace       used 75995K, capacity 84937K, committed 85208K, reserved 1122304K
  class space    used 10007K, capacity 11894K, committed 11992K, reserved 1048576K

Card table byte_map: [0x00007f2884929000,0x00007f2885000000] byte_map_base: 0x00007f28811ff000

Marking Bits: (ParMarkBitMap*) 0x00007f2899449c40
 Begin Bits: [0x00007f28712a0000, 0x00007f2874950000)
 End Bits:   [0x00007f2874950000, 0x00007f2878000000)

Polling page: 0x00007f28998b3000

CodeCache: size=245760Kb used=61456Kb max_used=61722Kb free=184303Kb
 bounds [0x00007f2885000000, 0x00007f2888d30000, 0x00007f2894000000]
 total_blobs=18041 nmethods=17140 adapters=808
 compilation: enabled

Compilation events (10 events):
Event: 16402.334 Thread 0x00007f289413b000 30113       4       java.util.concurrent.ForkJoinPool::lockRunState (39 bytes)
Event: 16402.336 Thread 0x00007f289413b000 nmethod 30113 0x00007f2886a4bd50 code [0x00007f2886a4bea0, 0x00007f2886a4bf78]
Event: 16444.510 Thread 0x00007f289413b000 30114       4       net.minecraft.class_4217::method_20640 (80 bytes)
Event: 16444.530 Thread 0x00007f289413b000 nmethod 30114 0x00007f288889a310 code [0x00007f288889a560, 0x00007f288889afc8]
Event: 16490.997 Thread 0x00007f289413b000 30115       4       net.minecraft.class_1799::method_7978 (96 bytes)
Event: 16491.080 Thread 0x00007f289413b000 nmethod 30115 0x00007f2888809190 code [0x00007f2888809500, 0x00007f288880b1f0]
Event: 16550.816 Thread 0x00007f289413e000 30116       1       net.minecraft.class_1640::method_5994 (4 bytes)
Event: 16550.816 Thread 0x00007f289413e000 nmethod 30116 0x00007f2888808ed0 code [0x00007f2888809020, 0x00007f2888809130]
Event: 16564.151 Thread 0x00007f289413b000 30117       4       net.minecraft.class_1642$class_1644::<init> (7 bytes)
Event: 16564.153 Thread 0x00007f289413b000 nmethod 30117 0x00007f2886f93650 code [0x00007f2886f937a0, 0x00007f2886f93818]

GC Heap History (10 events):
Event: 16607.832 GC heap after
Heap after GC invocations=3721 (full 4):
 PSYoungGen      total 1180160K, used 10560K [0x0000000777180000, 0x00000007c0000000, 0x00000007c0000000)
  eden space 1165824K, 0% used [0x0000000777180000,0x0000000777180000,0x00000007be400000)
  from space 14336K, 73% used [0x00000007be400000,0x00000007bee500e8,0x00000007bf200000)
  to   space 14336K, 0% used [0x00000007bf200000,0x00000007bf200000,0x00000007c0000000)
 ParOldGen       total 1974784K, used 1970740K [0x00000006e5400000, 0x000000075dc80000, 0x0000000777180000)
  object space 1974784K, 99% used [0x00000006e5400000,0x000000075d88d2b0,0x000000075dc80000)
 Metaspace       used 76014K, capacity 84967K, committed 85208K, reserved 1122304K
  class space    used 10009K, capacity 11899K, committed 11992K, reserved 1048576K
}
Event: 16614.976 GC heap before
{Heap before GC invocations=3722 (full 4):
 PSYoungGen      total 1180160K, used 1176384K [0x0000000777180000, 0x00000007c0000000, 0x00000007c0000000)
  eden space 1165824K, 100% used [0x0000000777180000,0x00000007be400000,0x00000007be400000)
  from space 14336K, 73% used [0x00000007be400000,0x00000007bee500e8,0x00000007bf200000)
  to   space 14336K, 0% used [0x00000007bf200000,0x00000007bf200000,0x00000007c0000000)
 ParOldGen       total 1974784K, used 1970740K [0x00000006e5400000, 0x000000075dc80000, 0x0000000777180000)
  object space 1974784K, 99% used [0x00000006e5400000,0x000000075d88d2b0,0x000000075dc80000)
 Metaspace       used 76014K, capacity 84967K, committed 85208K, reserved 1122304K
  class space    used 10009K, capacity 11899K, committed 11992K, reserved 1048576K
Event: 16615.011 GC heap after
Heap after GC invocations=3722 (full 4):
 PSYoungGen      total 1180160K, used 10688K [0x0000000777180000, 0x00000007c0000000, 0x00000007c0000000)
  eden space 1165824K, 0% used [0x0000000777180000,0x0000000777180000,0x00000007be400000)
  from space 14336K, 74% used [0x00000007bf200000,0x00000007bfc700e8,0x00000007c0000000)
  to   space 14336K, 0% used [0x00000007be400000,0x00000007be400000,0x00000007bf200000)
 ParOldGen       total 1974784K, used 1970916K [0x00000006e5400000, 0x000000075dc80000, 0x0000000777180000)
  object space 1974784K, 99% used [0x00000006e5400000,0x000000075d8b92b0,0x000000075dc80000)
 Metaspace       used 76014K, capacity 84967K, committed 85208K, reserved 1122304K
  class space    used 10009K, capacity 11899K, committed 11992K, reserved 1048576K
}
Event: 16622.255 GC heap before
{Heap before GC invocations=3723 (full 4):
 PSYoungGen      total 1180160K, used 1176512K [0x0000000777180000, 0x00000007c0000000, 0x00000007c0000000)
  eden space 1165824K, 100% used [0x0000000777180000,0x00000007be400000,0x00000007be400000)
  from space 14336K, 74% used [0x00000007bf200000,0x00000007bfc700e8,0x00000007c0000000)
  to   space 14336K, 0% used [0x00000007be400000,0x00000007be400000,0x00000007bf200000)
 ParOldGen       total 1974784K, used 1970916K [0x00000006e5400000, 0x000000075dc80000, 0x0000000777180000)
  object space 1974784K, 99% used [0x00000006e5400000,0x000000075d8b92b0,0x000000075dc80000)
 Metaspace       used 76014K, capacity 84967K, committed 85208K, reserved 1122304K
  class space    used 10009K, capacity 11899K, committed 11992K, reserved 1048576K
Event: 16622.280 GC heap after
Heap after GC invocations=3723 (full 4):
 PSYoungGen      total 1180160K, used 10720K [0x0000000777180000, 0x00000007c0000000, 0x00000007c0000000)
  eden space 1165824K, 0% used [0x0000000777180000,0x0000000777180000,0x00000007be400000)
  from space 14336K, 74% used [0x00000007be400000,0x00000007bee780e8,0x00000007bf200000)
  to   space 14336K, 0% used [0x00000007bf200000,0x00000007bf200000,0x00000007c0000000)
 ParOldGen       total 1974784K, used 1970964K [0x00000006e5400000, 0x000000075dc80000, 0x0000000777180000)
  object space 1974784K, 99% used [0x00000006e5400000,0x000000075d8c52b0,0x000000075dc80000)
 Metaspace       used 76014K, capacity 84967K, committed 85208K, reserved 1122304K
  class space    used 10009K, capacity 11899K, committed 11992K, reserved 1048576K
}
Event: 16629.397 GC heap before
{Heap before GC invocations=3724 (full 4):
 PSYoungGen      total 1180160K, used 1176544K [0x0000000777180000, 0x00000007c0000000, 0x00000007c0000000)
  eden space 1165824K, 100% used [0x0000000777180000,0x00000007be400000,0x00000007be400000)
  from space 14336K, 74% used [0x00000007be400000,0x00000007bee780e8,0x00000007bf200000)
  to   space 14336K, 0% used [0x00000007bf200000,0x00000007bf200000,0x00000007c0000000)
 ParOldGen       total 1974784K, used 1970964K [0x00000006e5400000, 0x000000075dc80000, 0x0000000777180000)
  object space 1974784K, 99% used [0x00000006e5400000,0x000000075d8c52b0,0x000000075dc80000)
 Metaspace       used 76014K, capacity 84967K, committed 85208K, reserved 1122304K
  class space    used 10009K, capacity 11899K, committed 11992K, reserved 1048576K
Event: 16629.427 GC heap after
Heap after GC invocations=3724 (full 4):
 PSYoungGen      total 1180160K, used 10464K [0x0000000777180000, 0x00000007c0000000, 0x00000007c0000000)
  eden space 1165824K, 0% used [0x0000000777180000,0x0000000777180000,0x00000007be400000)
  from space 14336K, 72% used [0x00000007bf200000,0x00000007bfc380d8,0x00000007c0000000)
  to   space 14336K, 0% used [0x00000007be400000,0x00000007be400000,0x00000007bf200000)
 ParOldGen       total 1974784K, used 1971092K [0x00000006e5400000, 0x000000075dc80000, 0x0000000777180000)
  object space 1974784K, 99% used [0x00000006e5400000,0x000000075d8e52b0,0x000000075dc80000)
 Metaspace       used 76014K, capacity 84967K, committed 85208K, reserved 1122304K
  class space    used 10009K, capacity 11899K, committed 11992K, reserved 1048576K
}
Event: 16636.886 GC heap before
{Heap before GC invocations=3725 (full 4):
 PSYoungGen      total 1180160K, used 1176288K [0x0000000777180000, 0x00000007c0000000, 0x00000007c0000000)
  eden space 1165824K, 100% used [0x0000000777180000,0x00000007be400000,0x00000007be400000)
  from space 14336K, 72% used [0x00000007bf200000,0x00000007bfc380d8,0x00000007c0000000)
  to   space 14336K, 0% used [0x00000007be400000,0x00000007be400000,0x00000007bf200000)
 ParOldGen       total 1974784K, used 1971092K [0x00000006e5400000, 0x000000075dc80000, 0x0000000777180000)
  object space 1974784K, 99% used [0x00000006e5400000,0x000000075d8e52b0,0x000000075dc80000)
 Metaspace       used 76014K, capacity 84967K, committed 85208K, reserved 1122304K
  class space    used 10009K, capacity 11899K, committed 11992K, reserved 1048576K
Event: 16636.914 GC heap after
Heap after GC invocations=3725 (full 4):
 PSYoungGen      total 1180160K, used 7552K [0x0000000777180000, 0x00000007c0000000, 0x00000007c0000000)
  eden space 1165824K, 0% used [0x0000000777180000,0x0000000777180000,0x00000007be400000)
  from space 14336K, 52% used [0x00000007be400000,0x00000007beb600d8,0x00000007bf200000)
  to   space 14336K, 0% used [0x00000007bf200000,0x00000007bf200000,0x00000007c0000000)
 ParOldGen       total 1974784K, used 1974270K [0x00000006e5400000, 0x000000075dc80000, 0x0000000777180000)
  object space 1974784K, 99% used [0x00000006e5400000,0x000000075dbff970,0x000000075dc80000)
 Metaspace       used 76014K, capacity 84967K, committed 85208K, reserved 1122304K
  class space    used 10009K, capacity 11899K, committed 11992K, reserved 1048576K
}
Event: 16636.915 GC heap before
{Heap before GC invocations=3726 (full 5):
 PSYoungGen      total 1180160K, used 7552K [0x0000000777180000, 0x00000007c0000000, 0x00000007c0000000)
  eden space 1165824K, 0% used [0x0000000777180000,0x0000000777180000,0x00000007be400000)
  from space 14336K, 52% used [0x00000007be400000,0x00000007beb600d8,0x00000007bf200000)
  to   space 14336K, 0% used [0x00000007bf200000,0x00000007bf200000,0x00000007c0000000)
 ParOldGen       total 1974784K, used 1974270K [0x00000006e5400000, 0x000000075dc80000, 0x0000000777180000)
  object space 1974784K, 99% used [0x00000006e5400000,0x000000075dbff970,0x000000075dc80000)
 Metaspace       used 76014K, capacity 84967K, committed 85208K, reserved 1122304K
  class space    used 10009K, capacity 11899K, committed 11992K, reserved 1048576K

Deoptimization events (10 events):
Event: 14749.601 Thread 0x00007f2895179000 Uncommon trap: reason=class_check action=maybe_recompile pc=0x00007f2888a94920 method=net.minecraft.class_2944.method_13151(Lnet/minecraft/class_1936;Lnet/minecraft/class_2794;Ljava/util/Random;Lnet/minecraft/class_2338;Lnet/minecraft/class_3037;)Z @ 259
Event: 14749.602 Thread 0x00007f2895179000 Uncommon trap: reason=class_check action=maybe_recompile pc=0x00007f2888a40ef8 method=net.minecraft.class_2944.method_13151(Lnet/minecraft/class_1936;Lnet/minecraft/class_2794;Ljava/util/Random;Lnet/minecraft/class_2338;Lnet/minecraft/class_3037;)Z @ 571
Event: 15130.183 Thread 0x00007f2895179000 Uncommon trap: reason=unstable_if action=reinterpret pc=0x00007f288625a660 method=java.util.concurrent.locks.ReentrantReadWriteLock$Sync.tryReleaseShared(I)Z @ 130
Event: 15130.782 Thread 0x00007f2895179000 Uncommon trap: reason=unstable_if action=reinterpret pc=0x00007f2886c630bc method=java.util.concurrent.locks.ReentrantReadWriteLock$Sync.tryAcquireShared(I)I @ 60
Event: 15596.783 Thread 0x00007f2895179000 Uncommon trap: reason=unstable_if action=reinterpret pc=0x00007f288732bb24 method=java.util.concurrent.locks.ReentrantReadWriteLock$Sync.tryReleaseShared(I)Z @ 130
Event: 16117.932 Thread 0x00007f2895179000 Uncommon trap: reason=unstable_if action=reinterpret pc=0x00007f2885dd30c4 method=net.minecraft.class_1810.method_7865(Lnet/minecraft/class_1799;Lnet/minecraft/class_2680;)F @ 14
Event: 16194.335 Thread 0x00007f2895179000 Uncommon trap: reason=class_check action=maybe_recompile pc=0x00007f2887333078 method=net.minecraft.class_1308.method_5953(Lnet/minecraft/class_1799;)Lnet/minecraft/class_1304; @ 23
Event: 16269.257 Thread 0x00007f2895179000 Uncommon trap: reason=unstable_if action=reinterpret pc=0x00007f2886bf1768 method=net.minecraft.class_4217.method_19564(Lnet/minecraft/class_3218;Lnet/minecraft/class_1646;)Z @ 271
Event: 16269.307 Thread 0x00007f2895179000 Uncommon trap: reason=unstable_if action=reinterpret pc=0x00007f28879b8f3c method=net.minecraft.class_4217.method_19565(Lnet/minecraft/class_3218;Lnet/minecraft/class_1646;J)V @ 107
Event: 16272.959 Thread 0x00007f2895179000 Uncommon trap: reason=unstable_if action=reinterpret pc=0x00007f28856cd38c method=net.minecraft.class_4217.method_20640(Lnet/minecraft/class_2338;Lnet/minecraft/class_3218;)Z @ 64

Classes redefined (0 events):
No events

Internal exceptions (10 events):
Event: 12745.908 Thread 0x00007f283c3e6800 Implicit null exception at 0x00007f2887181ec9 to 0x00007f2887182466
Event: 12745.909 Thread 0x00007f283c3e6800 Implicit null exception at 0x00007f2886564ebd to 0x00007f28865650d2
Event: 12759.115 Thread 0x00007f283c3e6800 Implicit null exception at 0x00007f288727d97b to 0x00007f288727dbca
Event: 12846.774 Thread 0x00007f2895179000 Implicit null exception at 0x00007f2887d06040 to 0x00007f2887d0b4a9
Event: 12852.974 Thread 0x00007f2895179000 Implicit null exception at 0x00007f28881b6131 to 0x00007f28881b62ed
Event: 12853.584 Thread 0x00007f283c3e6800 Implicit null exception at 0x00007f28888400b8 to 0x00007f2888841d29
Event: 12867.766 Thread 0x00007f283c3e6800 Implicit null exception at 0x00007f288889a987 to 0x00007f288889aec1
Event: 12947.978 Thread 0x00007f2895179000 Implicit null exception at 0x00007f2888b5e905 to 0x00007f2888b60e29
Event: 13473.853 Thread 0x00007f2895179000 Implicit null exception at 0x00007f28861ceeaf to 0x00007f28861cf525
Event: 13997.665 Thread 0x00007f2895179000 Implicit null exception at 0x00007f2887af6a07 to 0x00007f2887af7c65

Events (10 events):
Event: 16628.490 Executing VM operation: RevokeBias
Event: 16628.490 Executing VM operation: RevokeBias done
Event: 16628.490 Thread 0x00007f283c3fb800 Thread exited: 0x00007f283c3fb800
Event: 16629.397 Executing VM operation: ParallelGCFailedAllocation
Event: 16629.427 Executing VM operation: ParallelGCFailedAllocation done
Event: 16630.421 Thread 0x00007f283c3fb800 Thread added: 0x00007f283c3fb800
Event: 16635.733 Executing VM operation: RevokeBias
Event: 16635.733 Executing VM operation: RevokeBias done
Event: 16635.733 Thread 0x00007f283c3fb800 Thread exited: 0x00007f283c3fb800
Event: 16636.882 Executing VM operation: ParallelGCFailedAllocation


Dynamic libraries:
6e5400000-75dc80000 rw-p 00000000 00:00 0 
777180000-7c0000000 rw-p 00000000 00:00 0 
7c0000000-7c0bb6000 rw-p 00000000 00:00 0 
7c0bb6000-800000000 ---p 00000000 00:00 0 
559b77b3f000-559b77b40000 r--p 00000000 08:00 262545                     /usr/lib/jvm/java-8-openjdk/jre/bin/java
559b77b40000-559b77b41000 r-xp 00001000 08:00 262545                     /usr/lib/jvm/java-8-openjdk/jre/bin/java
559b77b41000-559b77b42000 r--p 00002000 08:00 262545                     /usr/lib/jvm/java-8-openjdk/jre/bin/java
559b77b42000-559b77b43000 r--p 00002000 08:00 262545                     /usr/lib/jvm/java-8-openjdk/jre/bin/java
559b77b43000-559b77b44000 rw-p 00003000 08:00 262545                     /usr/lib/jvm/java-8-openjdk/jre/bin/java
559b7833d000-559b7835e000 rw-p 00000000 00:00 0                          [heap]
7f28379fb000-7f2837b7b000 rw-p 00000000 00:00 0 
7f2837b7b000-7f2837bfb000 ---p 00000000 00:00 0 
7f2837bfb000-7f2837dfb000 rw-p 00000000 00:00 0 
7f2837dfb000-7f2837ffb000 rw-p 00000000 00:00 0 
7f2837ffb000-7f28381fb000 rw-p 00000000 00:00 0 
7f28381fb000-7f28383fb000 rw-p 00000000 00:00 0 
7f28383fb000-7f28383fe000 ---p 00000000 00:00 0 
7f28383fe000-7f28386fc000 rw-p 00000000 00:00 0 
7f28386fc000-7f28386ff000 ---p 00000000 00:00 0 
7f28386ff000-7f28389fd000 rw-p 00000000 00:00 0 
7f28389fd000-7f2838bfd000 rw-p 00000000 00:00 0 
7f2838bfd000-7f2838dfd000 rw-p 00000000 00:00 0 
7f2838dfd000-7f2838ffd000 rw-p 00000000 00:00 0 
7f2838ffd000-7f283c000000 rw-p 00000000 00:00 0 
7f283c000000-7f283c568000 rw-p 00000000 00:00 0 
7f283c568000-7f2840000000 ---p 00000000 00:00 0 
7f2840022000-7f284004f000 r--p 00000000 08:00 262564                     /usr/lib/jvm/java-8-openjdk/jre/lib/amd64/libawt.so
7f284004f000-7f28400b5000 r-xp 0002d000 08:00 262564                     /usr/lib/jvm/java-8-openjdk/jre/lib/amd64/libawt.so
7f28400b5000-7f28400c1000 r--p 00093000 08:00 262564                     /usr/lib/jvm/java-8-openjdk/jre/lib/amd64/libawt.so
7f28400c1000-7f28400c2000 ---p 0009f000 08:00 262564                     /usr/lib/jvm/java-8-openjdk/jre/lib/amd64/libawt.so
7f28400c2000-7f28400c3000 r--p 0009f000 08:00 262564                     /usr/lib/jvm/java-8-openjdk/jre/lib/amd64/libawt.so
7f28400c3000-7f28400ce000 rw-p 000a0000 08:00 262564                     /usr/lib/jvm/java-8-openjdk/jre/lib/amd64/libawt.so
7f28400ce000-7f28400f3000 rw-p 00000000 00:00 0 
7f28400f3000-7f28400f6000 ---p 00000000 00:00 0 
7f28400f6000-7f28401f4000 rw-p 00000000 00:00 0 
7f28401f4000-7f28401f7000 ---p 00000000 00:00 0 
7f28401f7000-7f28402f5000 rw-p 00000000 00:00 0 
7f28402f5000-7f28402f8000 ---p 00000000 00:00 0 
7f28402f8000-7f28405f6000 rw-p 00000000 00:00 0 
7f28405f6000-7f28405f9000 r--p 00000000 08:00 30127                      /usr/lib/libgcc_s.so.1
7f28405f9000-7f284060a000 r-xp 00003000 08:00 30127                      /usr/lib/libgcc_s.so.1
7f284060a000-7f284060e000 r--p 00014000 08:00 30127                      /usr/lib/libgcc_s.so.1
7f284060e000-7f284060f000 r--p 00017000 08:00 30127                      /usr/lib/libgcc_s.so.1
7f284060f000-7f2840610000 rw-p 00018000 08:00 30127                      /usr/lib/libgcc_s.so.1
7f284061a000-7f284061f000 r--s 0003c000 08:00 262622                     /usr/lib/jvm/java-8-openjdk/jre/lib/ext/sunjce_provider.jar
7f284061f000-7f2840628000 r--p 00000000 08:00 262595                     /usr/lib/jvm/java-8-openjdk/jre/lib/amd64/libsunec.so
7f2840628000-7f284064c000 r-xp 00009000 08:00 262595                     /usr/lib/jvm/java-8-openjdk/jre/lib/amd64/libsunec.so
7f284064c000-7f2840658000 r--p 0002d000 08:00 262595                     /usr/lib/jvm/java-8-openjdk/jre/lib/amd64/libsunec.so
7f2840658000-7f2840659000 ---p 00039000 08:00 262595                     /usr/lib/jvm/java-8-openjdk/jre/lib/amd64/libsunec.so
7f2840659000-7f284065e000 r--p 00039000 08:00 262595                     /usr/lib/jvm/java-8-openjdk/jre/lib/amd64/libsunec.so
7f284065e000-7f284065f000 rw-p 0003e000 08:00 262595                     /usr/lib/jvm/java-8-openjdk/jre/lib/amd64/libsunec.so
7f284065f000-7f2840661000 r--s 00008000 08:00 262621                     /usr/lib/jvm/java-8-openjdk/jre/lib/ext/sunec.jar
7f2840661000-7f2840664000 r--s 00039000 08:00 262623                     /usr/lib/jvm/java-8-openjdk/jre/lib/ext/sunpkcs11.jar
7f2840664000-7f2840864000 rw-p 00000000 00:00 0 
7f2840864000-7f2841865000 rw-p 00000000 00:00 0 
7f2841865000-7f2841868000 ---p 00000000 00:00 0 
7f2841868000-7f2841b66000 rw-p 00000000 00:00 0 
7f2841b66000-7f2841b67000 r--s 00000000 08:00 1280266                    /home/zhang/Git/mc-ss/world/datapacks/husks.zip
7f2841b67000-7f2841b68000 r--s 00000000 08:00 138879                     /home/zhang/Git/mc-ss/world/datapacks/ShulkerShells_1.0.zip
7f2841b68000-7f2841b69000 r--s 00000000 08:00 148099                     /home/zhang/Git/mc-ss/world/datapacks/Enderdragon_elytra_1.0.zip
7f2841b69000-7f2841d69000 rw-p 00000000 00:00 0 
7f2841d69000-7f2841d6c000 ---p 00000000 00:00 0 
7f2841d6c000-7f2841e6a000 rw-p 00000000 00:00 0 
7f2841e6a000-7f2841e6d000 ---p 00000000 00:00 0 
7f2841e6d000-7f2841f6b000 rw-p 00000000 00:00 0 
7f2841f6b000-7f2841f78000 r-xp 00000000 00:2d 5428123                    /tmp/libnetty_transport_native_epoll_x86_643203974215977452975.so (deleted)
7f2841f78000-7f2842177000 ---p 0000d000 00:2d 5428123                    /tmp/libnetty_transport_native_epoll_x86_643203974215977452975.so (deleted)
7f2842177000-7f2842179000 rw-p 0000c000 00:2d 5428123                    /tmp/libnetty_transport_native_epoll_x86_643203974215977452975.so (deleted)
7f2842179000-7f284217b000 r--s 00016000 08:00 262635                     /usr/lib/jvm/java-8-openjdk/jre/lib/jce.jar
7f284217b000-7f284217e000 ---p 00000000 00:00 0 
7f284217e000-7f284227c000 rw-p 00000000 00:00 0 
7f284227c000-7f284227f000 ---p 00000000 00:00 0 
7f284227f000-7f284257d000 rw-p 00000000 00:00 0 
7f284257d000-7f284277d000 rw-p 00000000 00:00 0 
7f284277d000-7f284297d000 rw-p 00000000 00:00 0 
7f284297d000-7f2842b7d000 rw-p 00000000 00:00 0 
7f2842b7d000-7f2842d7d000 rw-p 00000000 00:00 0 
7f2842d7d000-7f2842f7d000 rw-p 00000000 00:00 0 
7f2842f7d000-7f284317d000 rw-p 00000000 00:00 0 
7f284317d000-7f284337d000 rw-p 00000000 00:00 0 
7f284337d000-7f284357d000 rw-p 00000000 00:00 0 
7f284357d000-7f284377d000 rw-p 00000000 00:00 0 
7f284377d000-7f284397d000 rw-p 00000000 00:00 0 
7f284397d000-7f2843b7d000 rw-p 00000000 00:00 0 
7f2843b7d000-7f2843d7d000 rw-p 00000000 00:00 0 
7f2843d7d000-7f2843d90000 r--s 00346000 08:00 262651                     /usr/lib/jvm/java-8-openjdk/jre/lib/resources.jar
7f2843d90000-7f2843d92000 r--s 00003000 00:2d 5428079                    /tmp/jar_cache8563572929399000435.tmp (deleted)
7f2843d92000-7f2843d94000 r--s 00004000 00:2d 5428077                    /tmp/jar_cache1866316635463204592.tmp (deleted)
7f2843d94000-7f2843d96000 r--s 00006000 00:2d 5428075                    /tmp/jar_cache3976298880099303748.tmp (deleted)
7f2843d96000-7f2843d98000 r--s 00003000 00:2d 5428073                    /tmp/jar_cache720070238712958676.tmp (deleted)
7f2843d98000-7f2843da5000 r--s 0009b000 08:00 407873                     /home/zhang/Git/mc-ss/mods/fabric-carpet-1.14.4-1.2.0v191020.jar
7f2843da5000-7f2843da7000 r--s 00068000 08:00 1280225                    /home/zhang/Git/mc-ss/mods/fabric-api-0.3.0+build.207.jar
7f2843da7000-7f2843da9000 r--s 00003000 00:2d 5428071                    /tmp/jar_cache6017061845790739523.tmp (deleted)
7f2843da9000-7f2843daa000 r--s 00002000 00:2d 5428069                    /tmp/jar_cache6675278109630608076.tmp (deleted)
7f2843daa000-7f2843dab000 r--s 00002000 00:2d 5428067                    /tmp/jar_cache3091286884218010214.tmp (deleted)
7f2843dab000-7f2843dad000 r--s 0000a000 08:00 1280771                    /home/zhang/Git/mc-ss/mods/foamfix-0.12.1.jar
7f2843dad000-7f2843dc3000 r--s 0012d000 00:2d 5428065                    /tmp/jar_cache4062926212707578159.tmp (deleted)
7f2843dc3000-7f2843dc4000 r--s 00001000 00:2d 5428063                    /tmp/jar_cache7826169290193474600.tmp (deleted)
7f2843dc4000-7f2843dc7000 r--s 0000a000 00:2d 5428061                    /tmp/jar_cache9063240880244585394.tmp (deleted)
7f2843dc7000-7f2843df9000 r--s 001d4000 08:00 1280772                    /home/zhang/Git/mc-ss/mods/worldedit-fabric-mc1.14.4-7.0.1-rc1.jar
7f2843df9000-7f2843dfb000 r--s 00001000 00:2d 5428057                    /tmp/jar_cache828099075103645631.tmp (deleted)
7f2843dfb000-7f2843e37000 r--s 0027e000 00:2d 5428053                    /tmp/jar_cache7133029869653629421.tmp (deleted)
7f2843e37000-7f2843e49000 r--s 00106000 00:2d 5428029                    /tmp/jar_cache695120253986345237.tmp (deleted)
7f2843e49000-7f2843e4d000 r--p 00000000 08:00 13634                      /usr/lib/libmagic.so.1.0.0
7f2843e4d000-7f2843e65000 r-xp 00004000 08:00 13634                      /usr/lib/libmagic.so.1.0.0
7f2843e65000-7f2843e6d000 r--p 0001c000 08:00 13634                      /usr/lib/libmagic.so.1.0.0
7f2843e6d000-7f2843e6f000 r--p 00023000 08:00 13634                      /usr/lib/libmagic.so.1.0.0
7f2843e6f000-7f2843e70000 rw-p 00025000 08:00 13634                      /usr/lib/libmagic.so.1.0.0
7f2843e70000-7f2843e7a000 r--p 00000000 08:00 30356                      /usr/lib/libblkid.so.1.1.0
7f2843e7a000-7f2843eaf000 r-xp 0000a000 08:00 30356                      /usr/lib/libblkid.so.1.1.0
7f2843eaf000-7f2843ebf000 r--p 0003f000 08:00 30356                      /usr/lib/libblkid.so.1.1.0
7f2843ebf000-7f2843ec0000 ---p 0004f000 08:00 30356                      /usr/lib/libblkid.so.1.1.0
7f2843ec0000-7f2843ec5000 r--p 0004f000 08:00 30356                      /usr/lib/libblkid.so.1.1.0
7f2843ec5000-7f2843ec6000 rw-p 00054000 08:00 30356                      /usr/lib/libblkid.so.1.1.0
7f2843ec6000-7f2843ec8000 r--p 00000000 08:00 13749                      /usr/lib/libffi.so.6.0.4
7f2843ec8000-7f2843ecd000 r-xp 00002000 08:00 13749                      /usr/lib/libffi.so.6.0.4
7f2843ecd000-7f2843ece000 r--p 00007000 08:00 13749                      /usr/lib/libffi.so.6.0.4
7f2843ece000-7f2843ecf000 ---p 00008000 08:00 13749                      /usr/lib/libffi.so.6.0.4
7f2843ecf000-7f2843ed0000 r--p 00008000 08:00 13749                      /usr/lib/libffi.so.6.0.4
7f2843ed0000-7f2843ed1000 rw-p 00009000 08:00 13749                      /usr/lib/libffi.so.6.0.4
7f2843ed1000-7f2843ed3000 r--p 00000000 08:00 13650                      /usr/lib/libpcre.so.1.2.11
7f2843ed3000-7f2843f24000 r-xp 00002000 08:00 13650                      /usr/lib/libpcre.so.1.2.11
7f2843f24000-7f2843f42000 r--p 00053000 08:00 13650                      /usr/lib/libpcre.so.1.2.11
7f2843f42000-7f2843f43000 r--p 00070000 08:00 13650                      /usr/lib/libpcre.so.1.2.11
7f2843f43000-7f2843f44000 rw-p 00071000 08:00 13650                      /usr/lib/libpcre.so.1.2.11
7f2843f44000-7f2843f50000 r--p 00000000 08:00 39598                      /usr/lib/libmount.so.1.1.0
7f2843f50000-7f2843f8d000 r-xp 0000c000 08:00 39598                      /usr/lib/libmount.so.1.1.0
7f2843f8d000-7f2843f9f000 r--p 00049000 08:00 39598                      /usr/lib/libmount.so.1.1.0
7f2843f9f000-7f2843fa0000 ---p 0005b000 08:00 39598                      /usr/lib/libmount.so.1.1.0
7f2843fa0000-7f2843fa3000 r--p 0005b000 08:00 39598                      /usr/lib/libmount.so.1.1.0
7f2843fa3000-7f2843fa4000 rw-p 0005e000 08:00 39598                      /usr/lib/libmount.so.1.1.0
7f2843fa4000-7f2843fb2000 r--p 00000000 08:00 21194                      /usr/lib/libgobject-2.0.so.0.6000.5
7f2843fb2000-7f2843fe4000 r-xp 0000e000 08:00 21194                      /usr/lib/libgobject-2.0.so.0.6000.5
7f2843fe4000-7f2843ffc000 r--p 00040000 08:00 21194                      /usr/lib/libgobject-2.0.so.0.6000.5
7f2843ffc000-7f2843fff000 r--p 00057000 08:00 21194                      /usr/lib/libgobject-2.0.so.0.6000.5
7f2843fff000-7f2844000000 rw-p 0005a000 08:00 21194                      /usr/lib/libgobject-2.0.so.0.6000.5
7f2844000000-7f284414b000 rw-p 00000000 00:00 0 
7f284414b000-7f2848000000 ---p 00000000 00:00 0 
7f2848000000-7f284805f000 rw-p 00000000 00:00 0 
7f284805f000-7f284c000000 ---p 00000000 00:00 0 
7f284c000000-7f284c021000 rw-p 00000000 00:00 0 
7f284c021000-7f2850000000 ---p 00000000 00:00 0 
7f2850000000-7f28502d1000 rw-p 00000000 00:00 0 
7f28502d1000-7f2854000000 ---p 00000000 00:00 0 
7f2854000000-7f285501d000 rw-p 00000000 00:00 0 
7f285501d000-7f2858000000 ---p 00000000 00:00 0 
7f2858000000-7f2858021000 rw-p 00000000 00:00 0 
7f2858021000-7f285c000000 ---p 00000000 00:00 0 
7f285c000000-7f285c0db000 rw-p 00000000 00:00 0 
7f285c0db000-7f2860000000 ---p 00000000 00:00 0 
7f2860000000-7f286280f000 rw-p 00000000 00:00 0 
7f286280f000-7f2864000000 ---p 00000000 00:00 0 
7f2864000000-7f2864021000 rw-p 00000000 00:00 0 
7f2864021000-7f2868000000 ---p 00000000 00:00 0 
7f2868000000-7f2868021000 rw-p 00000000 00:00 0 
7f2868021000-7f286c000000 ---p 00000000 00:00 0 
7f286c000000-7f286c281000 rw-p 00000000 00:00 0 
7f286c281000-7f2870000000 ---p 00000000 00:00 0 
7f2870000000-7f2870001000 r--s 00002000 00:2d 5428059                    /tmp/jar_cache5432085749700822385.tmp (deleted)
7f2870001000-7f2870003000 r--s 00003000 00:2d 5428055                    /tmp/jar_cache4731499024001652478.tmp (deleted)
7f2870003000-7f2870005000 r--s 00004000 08:00 128032                     /home/zhang/Git/mc-ss/mods/Harvest-1.14-fabric-1.0.4.jar
7f2870005000-7f2870006000 r--s 00007000 00:2d 5428051                    /tmp/jar_cache602978519893838612.tmp (deleted)
7f2870006000-7f2870007000 r--s 00001000 00:2d 5428049                    /tmp/jar_cache7539486953727822981.tmp (deleted)
7f2870007000-7f2870022000 r--p 00000000 08:00 18581                      /usr/lib/libglib-2.0.so.0.6000.5
7f2870022000-7f28700a3000 r-xp 0001b000 08:00 18581                      /usr/lib/libglib-2.0.so.0.6000.5
7f28700a3000-7f2870126000 r--p 0009c000 08:00 18581                      /usr/lib/libglib-2.0.so.0.6000.5
7f2870126000-7f2870127000 r--p 0011e000 08:00 18581                      /usr/lib/libglib-2.0.so.0.6000.5
7f2870127000-7f2870128000 rw-p 0011f000 08:00 18581                      /usr/lib/libglib-2.0.so.0.6000.5
7f2870128000-7f2870129000 rw-p 00000000 00:00 0 
7f2870129000-7f287015f000 r--p 00000000 08:00 18578                      /usr/lib/libgio-2.0.so.0.6000.5
7f287015f000-7f287024d000 r-xp 00036000 08:00 18578                      /usr/lib/libgio-2.0.so.0.6000.5
7f287024d000-7f28702c8000 r--p 00124000 08:00 18578                      /usr/lib/libgio-2.0.so.0.6000.5
7f28702c8000-7f28702cf000 r--p 0019e000 08:00 18578                      /usr/lib/libgio-2.0.so.0.6000.5
7f28702cf000-7f28702d0000 rw-p 001a5000 08:00 18578                      /usr/lib/libgio-2.0.so.0.6000.5
7f28702d0000-7f28704d2000 rw-p 00000000 00:00 0 
7f28704d2000-7f28704d5000 ---p 00000000 00:00 0 
7f28704d5000-7f28705d3000 rw-p 00000000 00:00 0 
7f28705d3000-7f28705d6000 ---p 00000000 00:00 0 
7f28705d6000-7f28706d4000 rw-p 00000000 00:00 0 
7f28706d4000-7f28706d8000 r--p 00000000 08:00 22720                      /usr/lib/libresolv-2.29.so
7f28706d8000-7f28706e5000 r-xp 00004000 08:00 22720                      /usr/lib/libresolv-2.29.so
7f28706e5000-7f28706e8000 r--p 00011000 08:00 22720                      /usr/lib/libresolv-2.29.so
7f28706e8000-7f28706e9000 ---p 00014000 08:00 22720                      /usr/lib/libresolv-2.29.so
7f28706e9000-7f28706ea000 r--p 00014000 08:00 22720                      /usr/lib/libresolv-2.29.so
7f28706ea000-7f28706eb000 rw-p 00015000 08:00 22720                      /usr/lib/libresolv-2.29.so
7f28706eb000-7f28706ed000 rw-p 00000000 00:00 0 
7f28706ed000-7f28706ef000 r--p 00000000 08:00 22461                      /usr/lib/libnss_dns-2.29.so
7f28706ef000-7f28706f3000 r-xp 00002000 08:00 22461                      /usr/lib/libnss_dns-2.29.so
7f28706f3000-7f28706f4000 r--p 00006000 08:00 22461                      /usr/lib/libnss_dns-2.29.so
7f28706f4000-7f28706f5000 r--p 00006000 08:00 22461                      /usr/lib/libnss_dns-2.29.so
7f28706f5000-7f28706f6000 rw-p 00007000 08:00 22461                      /usr/lib/libnss_dns-2.29.so
7f28706f6000-7f28706fc000 r--p 00000000 08:00 39642                      /usr/lib/libnss_resolve.so.2
7f28706fc000-7f287072d000 r-xp 00006000 08:00 39642                      /usr/lib/libnss_resolve.so.2
7f287072d000-7f287073e000 r--p 00037000 08:00 39642                      /usr/lib/libnss_resolve.so.2
7f287073e000-7f2870741000 r--p 00047000 08:00 39642                      /usr/lib/libnss_resolve.so.2
7f2870741000-7f2870742000 rw-p 0004a000 08:00 39642                      /usr/lib/libnss_resolve.so.2
7f2870742000-7f2870743000 rw-p 00000000 00:00 0 
7f2870743000-7f2870746000 r--p 00000000 08:00 39640                      /usr/lib/libnss_myhostname.so.2
7f2870746000-7f2870750000 r-xp 00003000 08:00 39640                      /usr/lib/libnss_myhostname.so.2
7f2870750000-7f2870756000 r--p 0000d000 08:00 39640                      /usr/lib/libnss_myhostname.so.2
7f2870756000-7f2870759000 r--p 00012000 08:00 39640                      /usr/lib/libnss_myhostname.so.2
7f2870759000-7f287075a000 rw-p 00015000 08:00 39640                      /usr/lib/libnss_myhostname.so.2
7f287075a000-7f287095a000 rw-p 00000000 00:00 0 
7f287095a000-7f2870b47000 r--s 01b6c000 08:00 1280232                    /home/zhang/Git/mc-ss/.fabric/remappedJars/minecraft-1.14.4/intermediary-server.jar
7f2870b6e000-7f2870b71000 r--p 00000000 08:00 262565                     /usr/lib/jvm/java-8-openjdk/jre/lib/amd64/libawt_headless.so
7f2870b71000-7f2870b74000 r-xp 00003000 08:00 262565                     /usr/lib/jvm/java-8-openjdk/jre/lib/amd64/libawt_headless.so
7f2870b74000-7f2870b76000 r--p 00006000 08:00 262565                     /usr/lib/jvm/java-8-openjdk/jre/lib/amd64/libawt_headless.so
7f2870b76000-7f2870b77000 r--p 00007000 08:00 262565                     /usr/lib/jvm/java-8-openjdk/jre/lib/amd64/libawt_headless.so
7f2870b77000-7f2870b78000 rw-p 00008000 08:00 262565                     /usr/lib/jvm/java-8-openjdk/jre/lib/amd64/libawt_headless.so
7f2870b78000-7f2870b7b000 ---p 00000000 00:00 0 
7f2870b7b000-7f2870c79000 rw-p 00000000 00:00 0 
7f2870c79000-7f2870c94000 r--s 00394000 08:00 262615                     /usr/lib/jvm/java-8-openjdk/jre/lib/ext/cldrdata.jar
7f2870c94000-7f2870c9e000 r--s 00116000 08:00 262618                     /usr/lib/jvm/java-8-openjdk/jre/lib/ext/localedata.jar
7f2870c9e000-7f2870ca1000 ---p 00000000 00:00 0 
7f2870ca1000-7f2870f9f000 rw-p 00000000 00:00 0 
7f2870f9f000-7f287119f000 rw-p 00000000 00:00 0 
7f287119f000-7f28711a2000 ---p 00000000 00:00 0 
7f28711a2000-7f2878000000 rw-p 00000000 00:00 0 
7f2878000000-7f287803d000 rw-p 00000000 00:00 0 
7f287803d000-7f287c000000 ---p 00000000 00:00 0 
7f287c000000-7f287c001000 r--s 00003000 00:2d 5428047                    /tmp/jar_cache7742451381790425943.tmp (deleted)
7f287c001000-7f287c003000 r--s 00003000 00:2d 5428045                    /tmp/jar_cache2101527630872469040.tmp (deleted)
7f287c003000-7f287c009000 r--p 00000000 08:00 39641                      /usr/lib/libnss_mymachines.so.2
7f287c009000-7f287c03b000 r-xp 00006000 08:00 39641                      /usr/lib/libnss_mymachines.so.2
7f287c03b000-7f287c04c000 r--p 00038000 08:00 39641                      /usr/lib/libnss_mymachines.so.2
7f287c04c000-7f287c04f000 r--p 00048000 08:00 39641                      /usr/lib/libnss_mymachines.so.2
7f287c04f000-7f287c050000 rw-p 0004b000 08:00 39641                      /usr/lib/libnss_mymachines.so.2
7f287c050000-7f287c051000 rw-p 00000000 00:00 0 
7f287c051000-7f287c053000 r--s 00001000 00:2d 5428043                    /tmp/jar_cache6436014889144932845.tmp (deleted)
7f287c053000-7f287c054000 r--s 0048c000 08:00 1280234                    /home/zhang/Git/mc-ss/mods/fabric-language-kotlin-1.3.40+build.1.jar
7f287c054000-7f287c055000 r--s 00000000 00:2d 5428041                    /tmp/jar_cache8171295528113755355.tmp (deleted)
7f287c055000-7f287c057000 r--s 00005000 00:2d 5428039                    /tmp/jar_cache7416748273976310284.tmp (deleted)
7f287c057000-7f287c059000 r--s 00005000 00:2d 5428037                    /tmp/jar_cache6740599448126827152.tmp (deleted)
7f287c059000-7f287c05b000 r--s 00002000 00:2d 5428035                    /tmp/jar_cache3119577159941406549.tmp (deleted)
7f287c05b000-7f287c05e000 r--s 00019000 00:2d 5428033                    /tmp/jar_cache6207737552421931383.tmp (deleted)
7f287c05e000-7f287c060000 r--s 00001000 00:2d 5428027                    /tmp/jar_cache3129950898190371021.tmp (deleted)
7f287c060000-7f287c07b000 r--s 001d6000 08:00 262620                     /usr/lib/jvm/java-8-openjdk/jre/lib/ext/nashorn.jar
7f287c07b000-7f287da7c000 rw-p 00000000 00:00 0 
7f287da7c000-7f287dadc000 rw-p 00000000 00:00 0 
7f287dadc000-7f287dd34000 r--s 01ff3000 08:00 407403                     /home/zhang/Git/mc-ss/server.jar
7f287dd34000-7f287dd35000 ---p 00000000 00:00 0 
7f287dd35000-7f287de35000 rw-p 00000000 00:00 0 
7f287de35000-7f287de38000 ---p 00000000 00:00 0 
7f287de38000-7f287df36000 rw-p 00000000 00:00 0 
7f287df36000-7f287df37000 ---p 00000000 00:00 0 
7f287df37000-7f287df3a000 ---p 00000000 00:00 0 
7f287df3a000-7f287e037000 rw-p 00000000 00:00 0 
7f287e037000-7f287e038000 ---p 00000000 00:00 0 
7f287e038000-7f287e03b000 ---p 00000000 00:00 0 
7f287e03b000-7f287e138000 rw-p 00000000 00:00 0 
7f287e138000-7f287e13b000 ---p 00000000 00:00 0 
7f287e13b000-7f287e239000 rw-p 00000000 00:00 0 
7f287e239000-7f287e51e000 r--p 00000000 08:00 42621                      /usr/lib/locale/locale-archive
7f287e51e000-7f287e521000 ---p 00000000 00:00 0 
7f287e521000-7f287e61f000 rw-p 00000000 00:00 0 
7f287e61f000-7f287e622000 ---p 00000000 00:00 0 
7f287e622000-7f287e720000 rw-p 00000000 00:00 0 
7f287e720000-7f287e721000 ---p 00000000 00:00 0 
7f287e721000-7f2880000000 rw-p 00000000 00:00 0 
7f2880000000-7f288002a000 rw-p 00000000 00:00 0 
7f288002a000-7f2884000000 ---p 00000000 00:00 0 
7f2884000000-7f2884007000 r--p 00000000 08:00 262589                     /usr/lib/jvm/java-8-openjdk/jre/lib/amd64/libnio.so
7f2884007000-7f288400f000 r-xp 00007000 08:00 262589                     /usr/lib/jvm/java-8-openjdk/jre/lib/amd64/libnio.so
7f288400f000-7f2884012000 r--p 0000f000 08:00 262589                     /usr/lib/jvm/java-8-openjdk/jre/lib/amd64/libnio.so
7f2884012000-7f2884013000 ---p 00012000 08:00 262589                     /usr/lib/jvm/java-8-openjdk/jre/lib/amd64/libnio.so
7f2884013000-7f2884014000 r--p 00012000 08:00 262589                     /usr/lib/jvm/java-8-openjdk/jre/lib/amd64/libnio.so
7f2884014000-7f2884015000 rw-p 00013000 08:00 262589                     /usr/lib/jvm/java-8-openjdk/jre/lib/amd64/libnio.so
7f2884015000-7f2884066000 r--s 0048d000 08:00 407411                     /home/zhang/Git/mc-ss/fabric-server-launch.jar
7f2884066000-7f28840b4000 rw-p 00000000 00:00 0 
7f28840b4000-7f2884283000 r--s 03c3d000 08:00 262652                     /usr/lib/jvm/java-8-openjdk/jre/lib/rt.jar
7f2884283000-7f2884399000 rw-p 00000000 00:00 0 
7f2884399000-7f288439a000 ---p 00000000 00:00 0 
7f288439a000-7f288485f000 rw-p 00000000 00:00 0 
7f288485f000-7f2884929000 ---p 00000000 00:00 0 
7f2884929000-7f2884cee000 rw-p 00000000 00:00 0 
7f2884cee000-7f2884db7000 ---p 00000000 00:00 0 
7f2884db7000-7f2884fff000 rw-p 00000000 00:00 0 
7f2884fff000-7f2885000000 rw-p 00000000 00:00 0 
7f2885000000-7f2888d30000 rwxp 00000000 00:00 0 
7f2888d30000-7f2894000000 ---p 00000000 00:00 0 
7f2894000000-7f289517a000 rw-p 00000000 00:00 0 
7f289517a000-7f2898000000 ---p 00000000 00:00 0 
7f2898000000-7f2898001000 r--p 00000000 08:00 21063                      /usr/lib/libgmodule-2.0.so.0.6000.5
7f2898001000-7f2898002000 r-xp 00001000 08:00 21063                      /usr/lib/libgmodule-2.0.so.0.6000.5
7f2898002000-7f2898003000 r--p 00002000 08:00 21063                      /usr/lib/libgmodule-2.0.so.0.6000.5
7f2898003000-7f2898004000 r--p 00002000 08:00 21063                      /usr/lib/libgmodule-2.0.so.0.6000.5
7f2898004000-7f2898005000 rw-p 00003000 08:00 21063                      /usr/lib/libgmodule-2.0.so.0.6000.5
7f2898005000-7f289800a000 r--p 00000000 08:00 262588                     /usr/lib/jvm/java-8-openjdk/jre/lib/amd64/libnet.so
7f289800a000-7f2898019000 r-xp 00005000 08:00 262588                     /usr/lib/jvm/java-8-openjdk/jre/lib/amd64/libnet.so
7f2898019000-7f289801d000 r--p 00014000 08:00 262588                     /usr/lib/jvm/java-8-openjdk/jre/lib/amd64/libnet.so
7f289801d000-7f289801e000 r--p 00017000 08:00 262588                     /usr/lib/jvm/java-8-openjdk/jre/lib/amd64/libnet.so
7f289801e000-7f289801f000 rw-p 00018000 08:00 262588                     /usr/lib/jvm/java-8-openjdk/jre/lib/amd64/libnet.so
7f289801f000-7f2898023000 r--p 00000000 08:00 262586                     /usr/lib/jvm/java-8-openjdk/jre/lib/amd64/libmanagement.so
7f2898023000-7f2898026000 r-xp 00004000 08:00 262586                     /usr/lib/jvm/java-8-openjdk/jre/lib/amd64/libmanagement.so
7f2898026000-7f2898028000 r--p 00007000 08:00 262586                     /usr/lib/jvm/java-8-openjdk/jre/lib/amd64/libmanagement.so
7f2898028000-7f2898029000 r--p 00008000 08:00 262586                     /usr/lib/jvm/java-8-openjdk/jre/lib/amd64/libmanagement.so
7f2898029000-7f289802a000 rw-p 00009000 08:00 262586                     /usr/lib/jvm/java-8-openjdk/jre/lib/amd64/libmanagement.so
7f289802a000-7f289802b000 ---p 00000000 00:00 0 
7f289802b000-7f2898220000 rw-p 00000000 00:00 0 
7f2898220000-7f28984eb000 ---p 00000000 00:00 0 
7f28984eb000-7f28984ee000 r--p 00000000 08:00 22510                      /usr/lib/libnss_files-2.29.so
7f28984ee000-7f28984f5000 r-xp 00003000 08:00 22510                      /usr/lib/libnss_files-2.29.so
7f28984f5000-7f28984f7000 r--p 0000a000 08:00 22510                      /usr/lib/libnss_files-2.29.so
7f28984f7000-7f28984f8000 r--p 0000b000 08:00 22510                      /usr/lib/libnss_files-2.29.so
7f28984f8000-7f28984f9000 rw-p 0000c000 08:00 22510                      /usr/lib/libnss_files-2.29.so
7f28984f9000-7f28984ff000 rw-p 00000000 00:00 0 
7f28984ff000-7f2898500000 r--s 00003000 00:2d 5428031                    /tmp/jar_cache6670942041565159545.tmp (deleted)
7f2898500000-7f2898501000 r--s 00001000 00:2d 5428025                    /tmp/jar_cache8971638189630855307.tmp (deleted)
7f2898501000-7f2898503000 r--s 00006000 00:2d 5428023                    /tmp/jar_cache6551568541174675021.tmp (deleted)
7f2898503000-7f2898506000 r--p 00000000 08:00 262601                     /usr/lib/jvm/java-8-openjdk/jre/lib/amd64/libzip.so
7f2898506000-7f289850a000 r-xp 00003000 08:00 262601                     /usr/lib/jvm/java-8-openjdk/jre/lib/amd64/libzip.so
7f289850a000-7f289850c000 r--p 00007000 08:00 262601                     /usr/lib/jvm/java-8-openjdk/jre/lib/amd64/libzip.so
7f289850c000-7f289850d000 r--p 00008000 08:00 262601                     /usr/lib/jvm/java-8-openjdk/jre/lib/amd64/libzip.so
7f289850d000-7f289850e000 rw-p 00009000 08:00 262601                     /usr/lib/jvm/java-8-openjdk/jre/lib/amd64/libzip.so
7f289850e000-7f289851b000 r--p 00000000 08:00 262575                     /usr/lib/jvm/java-8-openjdk/jre/lib/amd64/libjava.so
7f289851b000-7f2898531000 r-xp 0000d000 08:00 262575                     /usr/lib/jvm/java-8-openjdk/jre/lib/amd64/libjava.so
7f2898531000-7f2898538000 r--p 00023000 08:00 262575                     /usr/lib/jvm/java-8-openjdk/jre/lib/amd64/libjava.so
7f2898538000-7f2898539000 r--p 00029000 08:00 262575                     /usr/lib/jvm/java-8-openjdk/jre/lib/amd64/libjava.so
7f2898539000-7f289853a000 rw-p 0002a000 08:00 262575                     /usr/lib/jvm/java-8-openjdk/jre/lib/amd64/libjava.so
7f289853a000-7f289853b000 rw-p 00000000 00:00 0 
7f289853b000-7f2898540000 r--p 00000000 08:00 262600                     /usr/lib/jvm/java-8-openjdk/jre/lib/amd64/libverify.so
7f2898540000-7f2898547000 r-xp 00005000 08:00 262600                     /usr/lib/jvm/java-8-openjdk/jre/lib/amd64/libverify.so
7f2898547000-7f2898549000 r--p 0000c000 08:00 262600                     /usr/lib/jvm/java-8-openjdk/jre/lib/amd64/libverify.so
7f2898549000-7f289854b000 r--p 0000d000 08:00 262600                     /usr/lib/jvm/java-8-openjdk/jre/lib/amd64/libverify.so
7f289854b000-7f289854c000 rw-p 0000f000 08:00 262600                     /usr/lib/jvm/java-8-openjdk/jre/lib/amd64/libverify.so
7f289854c000-7f289854f000 r--p 00000000 08:00 23195                      /usr/lib/librt-2.29.so
7f289854f000-7f2898553000 r-xp 00003000 08:00 23195                      /usr/lib/librt-2.29.so
7f2898553000-7f2898555000 r--p 00007000 08:00 23195                      /usr/lib/librt-2.29.so
7f2898555000-7f2898556000 r--p 00008000 08:00 23195                      /usr/lib/librt-2.29.so
7f2898556000-7f2898557000 rw-p 00009000 08:00 23195                      /usr/lib/librt-2.29.so
7f2898557000-7f2898558000 ---p 00000000 00:00 0 
7f2898558000-7f289855b000 ---p 00000000 00:00 0 
7f289855b000-7f2898658000 rw-p 00000000 00:00 0 
7f2898658000-7f2898667000 r--p 00000000 08:00 22091                      /usr/lib/libm-2.29.so
7f2898667000-7f2898703000 r-xp 0000f000 08:00 22091                      /usr/lib/libm-2.29.so
7f2898703000-7f289879c000 r--p 000ab000 08:00 22091                      /usr/lib/libm-2.29.so
7f289879c000-7f289879d000 r--p 00143000 08:00 22091                      /usr/lib/libm-2.29.so
7f289879d000-7f289879e000 rw-p 00144000 08:00 22091                      /usr/lib/libm-2.29.so
7f289879e000-7f289898f000 r--p 00000000 08:00 262604                     /usr/lib/jvm/java-8-openjdk/jre/lib/amd64/server/libjvm.so
7f289898f000-7f28991d7000 r-xp 001f1000 08:00 262604                     /usr/lib/jvm/java-8-openjdk/jre/lib/amd64/server/libjvm.so
7f28991d7000-7f2899379000 r--p 00a39000 08:00 262604                     /usr/lib/jvm/java-8-openjdk/jre/lib/amd64/server/libjvm.so
7f2899379000-7f289940e000 r--p 00bda000 08:00 262604                     /usr/lib/jvm/java-8-openjdk/jre/lib/amd64/server/libjvm.so
7f289940e000-7f2899436000 rw-p 00c6f000 08:00 262604                     /usr/lib/jvm/java-8-openjdk/jre/lib/amd64/server/libjvm.so
7f2899436000-7f2899468000 rw-p 00000000 00:00 0 
7f2899468000-7f289946f000 r--p 00000000 08:00 22583                      /usr/lib/libpthread-2.29.so
7f289946f000-7f289947e000 r-xp 00007000 08:00 22583                      /usr/lib/libpthread-2.29.so
7f289947e000-7f2899483000 r--p 00016000 08:00 22583                      /usr/lib/libpthread-2.29.so
7f2899483000-7f2899484000 r--p 0001a000 08:00 22583                      /usr/lib/libpthread-2.29.so
7f2899484000-7f2899485000 rw-p 0001b000 08:00 22583                      /usr/lib/libpthread-2.29.so
7f2899485000-7f2899489000 rw-p 00000000 00:00 0 
7f2899489000-7f289948a000 r--p 00000000 08:00 21988                      /usr/lib/libdl-2.29.so
7f289948a000-7f289948b000 r-xp 00001000 08:00 21988                      /usr/lib/libdl-2.29.so
7f289948b000-7f289948c000 r--p 00002000 08:00 21988                      /usr/lib/libdl-2.29.so
7f289948c000-7f289948d000 r--p 00002000 08:00 21988                      /usr/lib/libdl-2.29.so
7f289948d000-7f289948e000 rw-p 00003000 08:00 21988                      /usr/lib/libdl-2.29.so
7f289948e000-7f28994a4000 r-xp 00000000 08:00 32026                      /usr/lib/libz.so.1.2.11
7f28994a4000-7f28996a3000 ---p 00016000 08:00 32026                      /usr/lib/libz.so.1.2.11
7f28996a3000-7f28996a4000 r--p 00015000 08:00 32026                      /usr/lib/libz.so.1.2.11
7f28996a4000-7f28996a5000 rw-p 00016000 08:00 32026                      /usr/lib/libz.so.1.2.11
7f28996a5000-7f28996ca000 r--p 00000000 08:00 21899                      /usr/lib/libc-2.29.so
7f28996ca000-7f2899814000 r-xp 00025000 08:00 21899                      /usr/lib/libc-2.29.so
7f2899814000-7f289985d000 r--p 0016f000 08:00 21899                      /usr/lib/libc-2.29.so
7f289985d000-7f289985e000 ---p 001b8000 08:00 21899                      /usr/lib/libc-2.29.so
7f289985e000-7f2899861000 r--p 001b8000 08:00 21899                      /usr/lib/libc-2.29.so
7f2899861000-7f2899864000 rw-p 001bb000 08:00 21899                      /usr/lib/libc-2.29.so
7f2899864000-7f2899868000 rw-p 00000000 00:00 0 
7f2899868000-7f289986d000 r--s 000a3000 08:00 262637                     /usr/lib/jvm/java-8-openjdk/jre/lib/jsse.jar
7f289986d000-7f289986e000 r--s 00010000 08:00 262624                     /usr/lib/jvm/java-8-openjdk/jre/lib/ext/zipfs.jar
7f289986e000-7f2899876000 rw-s 00000000 00:2d 5428452                    /tmp/hsperfdata_zhang/27533
7f2899876000-7f2899877000 rw-p 00000000 00:00 0 
7f2899877000-7f289987a000 r--p 00000000 08:00 262561                     /usr/lib/jvm/java-8-openjdk/jre/lib/amd64/jli/libjli.so
7f289987a000-7f2899883000 r-xp 00003000 08:00 262561                     /usr/lib/jvm/java-8-openjdk/jre/lib/amd64/jli/libjli.so
7f2899883000-7f2899886000 r--p 0000c000 08:00 262561                     /usr/lib/jvm/java-8-openjdk/jre/lib/amd64/jli/libjli.so
7f2899886000-7f2899887000 r--p 0000e000 08:00 262561                     /usr/lib/jvm/java-8-openjdk/jre/lib/amd64/jli/libjli.so
7f2899887000-7f2899888000 rw-p 0000f000 08:00 262561                     /usr/lib/jvm/java-8-openjdk/jre/lib/amd64/jli/libjli.so
7f2899888000-7f289988a000 rw-p 00000000 00:00 0 
7f289988a000-7f289988c000 r--p 00000000 08:00 21790                      /usr/lib/ld-2.29.so
7f289988c000-7f28998ab000 r-xp 00002000 08:00 21790                      /usr/lib/ld-2.29.so
7f28998ab000-7f28998b3000 r--p 00021000 08:00 21790                      /usr/lib/ld-2.29.so
7f28998b3000-7f28998b4000 ---p 00000000 00:00 0 
7f28998b4000-7f28998b5000 r--p 00029000 08:00 21790                      /usr/lib/ld-2.29.so
7f28998b5000-7f28998b6000 rw-p 0002a000 08:00 21790                      /usr/lib/ld-2.29.so
7f28998b6000-7f28998b7000 rw-p 00000000 00:00 0 
7fff9628f000-7fff962b0000 rw-p 00000000 00:00 0                          [stack]
7fff963b5000-7fff963b8000 r--p 00000000 00:00 0                          [vvar]
7fff963b8000-7fff963b9000 r-xp 00000000 00:00 0                          [vdso]
ffffffffff600000-ffffffffff601000 r-xp 00000000 00:00 0                  [vsyscall]

VM Arguments:
jvm_args: -Xmx3500M -Xms1024M 
java_command: fabric-server-launch.jar
java_class_path (initial): fabric-server-launch.jar
Launcher Type: SUN_STANDARD

Environment Variables:
PATH=/usr/local/bin:/usr/local/sbin:/usr/bin:/usr/lib/jvm/default/bin:/usr/bin/site_perl:/usr/bin/vendor_perl:/usr/bin/core_perl:/usr/share/node-v8.9.1-linux-x64/bin:/home/zhang/.scripts:/home/zhang/.npm/bin:/home/zhang/.dynamic-colors/bin:/home/zhang/.color-scripts/color-scripts:.:/usr/lib/jvm/default/bin:/usr/share/node-v8.9.1-linux-x64/bin:/home/zhang/.scripts:/home/zhang/.npm/bin:/home/zhang/.dynamic-colors/bin:/home/zhang/.color-scripts/color-scripts:.
SHELL=/bin/zsh

Signal Handlers:
SIGSEGV: [libjvm.so+0xa09100], sa_mask[0]=11111111011111111101111111111110, sa_flags=SA_RESTART|SA_SIGINFO
SIGBUS: [libjvm.so+0xa09100], sa_mask[0]=11111111011111111101111111111110, sa_flags=SA_RESTART|SA_SIGINFO
SIGFPE: [libjvm.so+0x86be80], sa_mask[0]=11111111011111111101111111111110, sa_flags=SA_RESTART|SA_SIGINFO
SIGPIPE: [libjvm.so+0x86be80], sa_mask[0]=11111111011111111101111111111110, sa_flags=SA_RESTART|SA_SIGINFO
SIGXFSZ: [libjvm.so+0x86be80], sa_mask[0]=11111111011111111101111111111110, sa_flags=SA_RESTART|SA_SIGINFO
SIGILL: [libjvm.so+0x86be80], sa_mask[0]=11111111011111111101111111111110, sa_flags=SA_RESTART|SA_SIGINFO
SIGUSR1: SIG_DFL, sa_mask[0]=00000000000000000000000000000000, sa_flags=none
SIGUSR2: [libjvm.so+0x86bd40], sa_mask[0]=00000000000000000000000000000000, sa_flags=SA_RESTART|SA_SIGINFO
SIGHUP: [libjvm.so+0x86c120], sa_mask[0]=11111111011111111101111111111110, sa_flags=SA_RESTART|SA_SIGINFO
SIGINT: [libjvm.so+0x86c120], sa_mask[0]=11111111011111111101111111111110, sa_flags=SA_RESTART|SA_SIGINFO
SIGTERM: [libjvm.so+0x86c120], sa_mask[0]=11111111011111111101111111111110, sa_flags=SA_RESTART|SA_SIGINFO
SIGQUIT: [libjvm.so+0x86c120], sa_mask[0]=11111111011111111101111111111110, sa_flags=SA_RESTART|SA_SIGINFO


---------------  S Y S T E M  ---------------

OS:NAME="Arch Linux"
PRETTY_NAME="Arch Linux"
ID=arch
BUILD_ID=rolling
ANSI_COLOR="0;36"
HOME_URL="https://www.archlinux.org/"
DOCUMENTATION_URL="https://wiki.archlinux.org/"
SUPPORT_URL="https://bbs.archlinux.org/"
BUG_REPORT_URL="https://bugs.archlinux.org/"
LOGO=archlinux

uname:Linux 5.1.17-x86_64-linode128 #1 SMP PREEMPT Wed Jul 10 17:11:49 UTC 2019 x86_64
libc:glibc 2.29 NPTL 2.29 
rlimit: STACK 8192k, CORE infinity, NPROC 15681, NOFILE 524288, AS infinity
load average:0.60 0.85 0.97

/proc/meminfo:
MemTotal:        4022240 kB
MemFree:          118060 kB
MemAvailable:      75220 kB
Buffers:           16884 kB
Cached:           119296 kB
SwapCached:         4200 kB
Active:          3285440 kB
Inactive:         451140 kB
Active(anon):    3221964 kB
Inactive(anon):   386572 kB
Active(file):      63476 kB
Inactive(file):    64568 kB
Unevictable:           0 kB
Mlocked:               0 kB
SwapTotal:        524284 kB
SwapFree:         231420 kB
Dirty:               332 kB
Writeback:             0 kB
AnonPages:       3598584 kB
Mapped:            64608 kB
Shmem:              8068 kB
KReclaimable:      35520 kB
Slab:              71656 kB
SReclaimable:      35520 kB
SUnreclaim:        36136 kB
KernelStack:        4080 kB
PageTables:        14328 kB
NFS_Unstable:          0 kB
Bounce:                0 kB
WritebackTmp:          0 kB
CommitLimit:     2535404 kB
Committed_AS:    5218112 kB
VmallocTotal:   34359738367 kB
VmallocUsed:           0 kB
VmallocChunk:          0 kB
Percpu:              952 kB
HardwareCorrupted:     0 kB
AnonHugePages:         0 kB
ShmemHugePages:        0 kB
ShmemPmdMapped:        0 kB
HugePages_Total:       0
HugePages_Free:        0
HugePages_Rsvd:        0
HugePages_Surp:        0
Hugepagesize:       2048 kB
Hugetlb:               0 kB
DirectMap4k:       87920 kB
DirectMap2M:     4106240 kB
DirectMap1G:     2097152 kB

container (cgroup) information:
container_type: cgroupv1
cpu_cpuset_cpus: 0-1
cpu_memory_nodes: 0
active_processor_count: 2
cpu_quota: -1
cpu_period: 100000
cpu_shares: -1
memory_limit_in_bytes: -1
memory_and_swap_limit_in_bytes: -1
memory_soft_limit_in_bytes: -1
memory_usage_in_bytes: 3660558336
memory_max_usage_in_bytes: 3754123264


CPU:total 2 (initial active 2) (1 cores per cpu, 1 threads per core) family 23 model 1 stepping 2, cmov, cx8, fxsr, mmx, sse, sse2, sse3, ssse3, sse4.1, sse4.2, popcnt, avx, avx2, aes, clmul, mmxext, 3dnowpref, lzcnt, sse4a, tsc, bmi1

/proc/cpuinfo:
processor	: 0
vendor_id	: AuthenticAMD
cpu family	: 23
model		: 1
model name	: AMD EPYC 7501 32-Core Processor
stepping	: 2
microcode	: 0x1000065
cpu MHz		: 1999.994
cache size	: 512 KB
physical id	: 0
siblings	: 1
core id		: 0
cpu cores	: 1
apicid		: 0
initial apicid	: 0
fpu		: yes
fpu_exception	: yes
cpuid level	: 13
wp		: yes
flags		: fpu vme de pse tsc msr pae mce cx8 apic sep mtrr pge mca cmov pat pse36 clflush mmx fxsr sse sse2 syscall nx mmxext fxsr_opt pdpe1gb rdtscp lm rep_good nopl cpuid extd_apicid tsc_known_freq pni pclmulqdq ssse3 fma cx16 sse4_1 sse4_2 x2apic movbe popcnt tsc_deadline_timer aes xsave avx f16c rdrand hypervisor lahf_lm cmp_legacy cr8_legacy abm sse4a misalignsse 3dnowprefetch osvw ssbd ibpb vmmcall fsgsbase tsc_adjust bmi1 avx2 smep bmi2 rdseed adx smap clflushopt sha_ni xsaveopt xsavec xgetbv1 virt_ssbd arat
bugs		: fxsave_leak sysret_ss_attrs null_seg spectre_v1 spectre_v2 spec_store_bypass
bogomips	: 4001.65
TLB size	: 1024 4K pages
clflush size	: 64
cache_alignment	: 64
address sizes	: 40 bits physical, 48 bits virtual
power management:

processor	: 1
vendor_id	: AuthenticAMD
cpu family	: 23
model		: 1
model name	: AMD EPYC 7501 32-Core Processor
stepping	: 2
microcode	: 0x1000065
cpu MHz		: 1999.994
cache size	: 512 KB
physical id	: 1
siblings	: 1
core id		: 0
cpu cores	: 1
apicid		: 1
initial apicid	: 1
fpu		: yes
fpu_exception	: yes
cpuid level	: 13
wp		: yes
flags		: fpu vme de pse tsc msr pae mce cx8 apic sep mtrr pge mca cmov pat pse36 clflush mmx fxsr sse sse2 syscall nx mmxext fxsr_opt pdpe1gb rdtscp lm rep_good nopl cpuid extd_apicid tsc_known_freq pni pclmulqdq ssse3 fma cx16 sse4_1 sse4_2 x2apic movbe popcnt tsc_deadline_timer aes xsave avx f16c rdrand hypervisor lahf_lm cmp_legacy cr8_legacy abm sse4a misalignsse 3dnowprefetch osvw ssbd ibpb vmmcall fsgsbase tsc_adjust bmi1 avx2 smep bmi2 rdseed adx smap clflushopt sha_ni xsaveopt xsavec xgetbv1 virt_ssbd arat
bugs		: fxsave_leak sysret_ss_attrs null_seg spectre_v1 spectre_v2 spec_store_bypass
bogomips	: 4001.65
TLB size	: 1024 4K pages
clflush size	: 64
cache_alignment	: 64
address sizes	: 40 bits physical, 48 bits virtual
power management:



Memory: 4k page, physical 4022240k(118564k free), swap 524284k(231420k free)

vm_info: OpenJDK 64-Bit Server VM (25.222-b05) for linux-amd64 JRE (1.8.0_222-b05), built on Jun 18 2019 08:19:03 by "builduser" with gcc 8.3.0

time: Mon Oct 28 00:50:50 2019
timezone: EDT
elapsed time: 16637 seconds (0d 4h 37m 17s)

