#
# There is insufficient memory for the Java Runtime Environment to continue.
# Native memory allocation (mmap) failed to map 160432128 bytes for committing reserved memory.
# Possible reasons:
#   The system is out of physical RAM or swap space
#   The process is running with CompressedOops enabled, and the Java Heap may be blocking the growth of the native heap
# Possible solutions:
#   Reduce memory load on the system
#   Increase physical memory or swap space
#   Check if swap backing store is full
#   Decrease Java heap size (-Xmx/-Xms)
#   Decrease number of Java threads
#   Decrease Java thread stack sizes (-Xss)
#   Set larger code cache with -XX:ReservedCodeCacheSize=
#   JVM is running with Zero Based Compressed Oops mode in which the Java heap is
#     placed in the first 32GB address space. The Java Heap base address is the
#     maximum limit for the native heap growth. Please use -XX:HeapBaseMinAddress
#     to set the Java Heap base and to place the Java Heap above 32GB virtual address.
# This output file may be truncated or incomplete.
#
#  Out of Memory Error (os_linux.cpp:2754), pid=3372, tid=0x00007f7fc41fb700
#
# JRE version: OpenJDK Runtime Environment (8.0_222-b05) (build 1.8.0_222-b05)
# Java VM: OpenJDK 64-Bit Server VM (25.222-b05 mixed mode linux-amd64 compressed oops)
# Core dump written. Default location: /home/zhang/Git/mc-ss/core or core.3372
#

---------------  T H R E A D  ---------------

Current thread (0x00007f7fc00fa800):  VMThread [stack: 0x00007f7fc40fc000,0x00007f7fc41fc000] [id=3376]

Stack: [0x00007f7fc40fc000,0x00007f7fc41fc000],  sp=0x00007f7fc41fa3f0,  free space=1016k
Native frames: (J=compiled Java code, j=interpreted, Vv=VM code, C=native code)
V  [libjvm.so+0xa0865c]
V  [libjvm.so+0x4aa2ee]
V  [libjvm.so+0x87070c]
V  [libjvm.so+0x868140]
V  [libjvm.so+0x8dfd6f]
V  [libjvm.so+0x8cf655]
V  [libjvm.so+0x8cf798]
V  [libjvm.so+0x8cfc31]
V  [libjvm.so+0x8d6720]
V  [libjvm.so+0x8de366]
V  [libjvm.so+0x8917ea]
V  [libjvm.so+0xa0a29a]
V  [libjvm.so+0xa0f547]
V  [libjvm.so+0xa0d0f0]
V  [libjvm.so+0xa0e26d]
V  [libjvm.so+0xa0e4f1]
V  [libjvm.so+0x86dd54]

VM_Operation (0x00007f7fa4609dc0): ParallelGCFailedAllocation, mode: safepoint, requested by thread 0x00007f7fc1137000


---------------  P R O C E S S  ---------------

Java Threads: ( => current thread )
  0x00007f7f744fb000 JavaThread "Server-Worker-2199" daemon [_thread_blocked, id=27250, stack(0x00007f7f7e2fa000,0x00007f7f7e3fb000)]
  0x00007f7f74463800 JavaThread "Java2D Disposer" daemon [_thread_blocked, id=6302, stack(0x00007f7fa4309000,0x00007f7fa440a000)]
  0x00007f7f743ca800 JavaThread "Timer-38" [_thread_blocked, id=6301, stack(0x00007f7f7e5fd000,0x00007f7f7e6fe000)]
  0x00007f7f742ac800 JavaThread "Server Watchdog" daemon [_thread_blocked, id=6214, stack(0x00007f7f7e6fe000,0x00007f7f7e7ff000)]
  0x0000558f95cac000 JavaThread "Netty Epoll Server IO #3" daemon [_thread_blocked, id=5705, stack(0x00007f7fa4006000,0x00007f7fa4107000)]
  0x0000558f95cab800 JavaThread "Netty Epoll Server IO #2" daemon [_thread_blocked, id=5284, stack(0x00007f7fa4107000,0x00007f7fa4208000)]
  0x0000558f95caa000 JavaThread "Netty Epoll Server IO #1" daemon [_thread_blocked, id=5197, stack(0x00007f7fa4208000,0x00007f7fa4309000)]
  0x00007f7f740bc000 JavaThread "Netty Epoll Server IO #0" daemon [_thread_blocked, id=4439, stack(0x00007f7fb00a6000,0x00007f7fb01a7000)]
  0x00007f7f740b5800 JavaThread "ObjectCleanerThread" daemon [_thread_blocked, id=4438, stack(0x00007f7fa470d000,0x00007f7fa480e000)]
  0x00007f7f74002800 JavaThread "Server console handler" daemon [_thread_in_native, id=4353, stack(0x00007f7fa460c000,0x00007f7fa470d000)]
  0x00007f7fc000a800 JavaThread "DestroyJavaVM" [_thread_blocked, id=3373, stack(0x00007f7fc6ea3000,0x00007f7fc6fa3000)]
  0x00007f7fc1137000 JavaThread "Server thread" [_thread_blocked, id=4352, stack(0x00007f7fa450b000,0x00007f7fa460c000)]
  0x00007f7fc10a5800 JavaThread "Server Infinisleeper" daemon [_thread_blocked, id=4351, stack(0x00007f7f7dcf4000,0x00007f7f7ddf5000)]
  0x00007f7fc1081800 JavaThread "Snooper Timer" daemon [_thread_blocked, id=4350, stack(0x00007f7fa440a000,0x00007f7fa450b000)]
  0x00007f7fc0141000 JavaThread "Service Thread" daemon [_thread_blocked, id=3382, stack(0x00007f7fb0715000,0x00007f7fb0816000)]
  0x00007f7fc013e000 JavaThread "C1 CompilerThread1" daemon [_thread_blocked, id=3381, stack(0x00007f7fb0817000,0x00007f7fb0917000)]
  0x00007f7fc013b000 JavaThread "C2 CompilerThread0" daemon [_thread_blocked, id=3380, stack(0x00007f7fb0918000,0x00007f7fb0a18000)]
  0x00007f7fc013a000 JavaThread "Signal Dispatcher" daemon [_thread_blocked, id=3379, stack(0x00007f7fb0a18000,0x00007f7fb0b19000)]
  0x00007f7fc0106800 JavaThread "Finalizer" daemon [_thread_blocked, id=3378, stack(0x00007f7fb0dfe000,0x00007f7fb0eff000)]
  0x00007f7fc0104000 JavaThread "Reference Handler" daemon [_thread_blocked, id=3377, stack(0x00007f7fb0eff000,0x00007f7fb1000000)]

Other Threads:
=>0x00007f7fc00fa800 VMThread [stack: 0x00007f7fc40fc000,0x00007f7fc41fc000] [id=3376]
  0x00007f7fc0143800 WatcherThread [stack: 0x00007f7fb0615000,0x00007f7fb0715000] [id=3383]

VM state:at safepoint (normal execution)

VM Mutex/Monitor currently owned by a thread:  ([mutex/lock_event])
[0x00007f7fc0007280] ExpandHeap_lock - owner thread: 0x00007f7fc00fa800
[0x00007f7fc0007900] Threads_lock - owner thread: 0x00007f7fc00fa800
[0x00007f7fc0007e00] Heap_lock - owner thread: 0x00007f7fc1137000

heap address: 0x00000006e5400000, size: 3500 MB, Compressed Oops mode: Zero based, Oop shift amount: 3
Narrow klass base: 0x0000000000000000, Narrow klass shift: 3
Compressed class space size: 1073741824 Address: 0x00000007c0000000

Heap:
 PSYoungGen      total 1063936K, used 0K [0x0000000777180000, 0x00000007c0000000, 0x00000007c0000000)
  eden space 933376K, 0% used [0x0000000777180000,0x0000000777180000,0x00000007b0100000)
  from space 130560K, 0% used [0x00000007b0100000,0x00000007b0100000,0x00000007b8080000)
  to   space 130560K, 0% used [0x00000007b8080000,0x00000007b8080000,0x00000007c0000000)
 ParOldGen       total 2232832K, used 537515K [0x00000006e5400000, 0x000000076d880000, 0x0000000777180000)
  object space 2232832K, 24% used [0x00000006e5400000,0x00000007060eadf0,0x000000076d880000)
 Metaspace       used 77048K, capacity 86283K, committed 86616K, reserved 1124352K
  class space    used 10134K, capacity 12065K, committed 12120K, reserved 1048576K

Card table byte_map: [0x00007f7fc639f000,0x00007f7fc6a76000] byte_map_base: 0x00007f7fc2c75000

Marking Bits: (ParMarkBitMap*) 0x00007f7fc7d94c40
 Begin Bits: [0x00007f7fa52a0000, 0x00007f7fa8950000)
 End Bits:   [0x00007f7fa8950000, 0x00007f7fac000000)

Polling page: 0x00007f7fc81fe000

CodeCache: size=245760Kb used=65975Kb max_used=67247Kb free=179784Kb
 bounds [0x00007f7fb1000000, 0x00007f7fb5260000, 0x00007f7fc0000000]
 total_blobs=18967 nmethods=18068 adapters=807
 compilation: enabled

Compilation events (10 events):
Event: 32099.867 Thread 0x00007f7fc013b000 32358       4       net.minecraft.class_2818::<init> (280 bytes)
Event: 32099.920 Thread 0x00007f7fc013b000 nmethod 32358 0x00007f7fb3abd650 code [0x00007f7fb3abd980, 0x00007f7fb3abf070]
Event: 32102.470 Thread 0x00007f7fc013b000 32359       4       net.minecraft.class_2794::method_16129 (216 bytes)
Event: 32102.550 Thread 0x00007f7fc013b000 nmethod 32359 0x00007f7fb43d63d0 code [0x00007f7fb43d6760, 0x00007f7fb43d8790]
Event: 32104.191 Thread 0x00007f7fc013b000 32360       4       net.minecraft.class_2090::method_9020 (125 bytes)
Event: 32104.202 Thread 0x00007f7fc013b000 nmethod 32360 0x00007f7fb5058dd0 code [0x00007f7fb5058fe0, 0x00007f7fb5059748]
Event: 32107.555 Thread 0x00007f7fc013b000 32361       4       net.minecraft.class_2962::method_12841 (141 bytes)
Event: 32107.603 Thread 0x00007f7fc013b000 nmethod 32361 0x00007f7fb5154290 code [0x00007f7fb51545c0, 0x00007f7fb5155860]
Event: 32109.252 Thread 0x00007f7fc013e000 32362       3       net.minecraft.class_1571::method_5994 (4 bytes)
Event: 32109.254 Thread 0x00007f7fc013e000 nmethod 32362 0x00007f7fb20f4c90 code [0x00007f7fb20f4e00, 0x00007f7fb20f4f50]

GC Heap History (10 events):
Event: 32092.500 GC heap after
Heap after GC invocations=3867 (full 4):
 PSYoungGen      total 1034752K, used 93205K [0x0000000777180000, 0x00000007bfe80000, 0x00000007c0000000)
  eden space 941056K, 0% used [0x0000000777180000,0x0000000777180000,0x00000007b0880000)
  from space 93696K, 99% used [0x00000007b0880000,0x00000007b6385660,0x00000007b6400000)
  to   space 125952K, 0% used [0x00000007b8380000,0x00000007b8380000,0x00000007bfe80000)
 ParOldGen       total 2232832K, used 2201146K [0x00000006e5400000, 0x000000076d880000, 0x0000000777180000)
  object space 2232832K, 98% used [0x00000006e5400000,0x000000076b98eb28,0x000000076d880000)
 Metaspace       used 77099K, capacity 86375K, committed 86616K, reserved 1124352K
  class space    used 10142K, capacity 12081K, committed 12120K, reserved 1048576K
}
Event: 32097.956 GC heap before
{Heap before GC invocations=3868 (full 4):
 PSYoungGen      total 1034752K, used 1034261K [0x0000000777180000, 0x00000007bfe80000, 0x00000007c0000000)
  eden space 941056K, 100% used [0x0000000777180000,0x00000007b0880000,0x00000007b0880000)
  from space 93696K, 99% used [0x00000007b0880000,0x00000007b6385660,0x00000007b6400000)
  to   space 125952K, 0% used [0x00000007b8380000,0x00000007b8380000,0x00000007bfe80000)
 ParOldGen       total 2232832K, used 2201146K [0x00000006e5400000, 0x000000076d880000, 0x0000000777180000)
  object space 2232832K, 98% used [0x00000006e5400000,0x000000076b98eb28,0x000000076d880000)
 Metaspace       used 77103K, capacity 86375K, committed 86616K, reserved 1124352K
  class space    used 10142K, capacity 12081K, committed 12120K, reserved 1048576K
Event: 32098.035 GC heap after
Heap after GC invocations=3868 (full 4):
 PSYoungGen      total 1066496K, used 96930K [0x0000000777180000, 0x00000007c0000000, 0x00000007c0000000)
  eden space 940544K, 0% used [0x0000000777180000,0x0000000777180000,0x00000007b0800000)
  from space 125952K, 76% used [0x00000007b8380000,0x00000007be228a40,0x00000007bfe80000)
  to   space 126464K, 0% used [0x00000007b0800000,0x00000007b0800000,0x00000007b8380000)
 ParOldGen       total 2232832K, used 2209105K [0x00000006e5400000, 0x000000076d880000, 0x0000000777180000)
  object space 2232832K, 98% used [0x00000006e5400000,0x000000076c154558,0x000000076d880000)
 Metaspace       used 77103K, capacity 86375K, committed 86616K, reserved 1124352K
  class space    used 10142K, capacity 12081K, committed 12120K, reserved 1048576K
}
Event: 32102.710 GC heap before
{Heap before GC invocations=3869 (full 4):
 PSYoungGen      total 1066496K, used 1037474K [0x0000000777180000, 0x00000007c0000000, 0x00000007c0000000)
  eden space 940544K, 100% used [0x0000000777180000,0x00000007b0800000,0x00000007b0800000)
  from space 125952K, 76% used [0x00000007b8380000,0x00000007be228a40,0x00000007bfe80000)
  to   space 126464K, 0% used [0x00000007b0800000,0x00000007b0800000,0x00000007b8380000)
 ParOldGen       total 2232832K, used 2209105K [0x00000006e5400000, 0x000000076d880000, 0x0000000777180000)
  object space 2232832K, 98% used [0x00000006e5400000,0x000000076c154558,0x000000076d880000)
 Metaspace       used 77105K, capacity 86379K, committed 86616K, reserved 1124352K
  class space    used 10142K, capacity 12081K, committed 12120K, reserved 1048576K
Event: 32102.788 GC heap after
Heap after GC invocations=3869 (full 4):
 PSYoungGen      total 1042944K, used 102034K [0x0000000777180000, 0x00000007c0000000, 0x00000007c0000000)
  eden space 940544K, 0% used [0x0000000777180000,0x0000000777180000,0x00000007b0800000)
  from space 102400K, 99% used [0x00000007b0800000,0x00000007b6ba4a58,0x00000007b6c00000)
  to   space 129024K, 0% used [0x00000007b8200000,0x00000007b8200000,0x00000007c0000000)
 ParOldGen       total 2232832K, used 2215909K [0x00000006e5400000, 0x000000076d880000, 0x0000000777180000)
  object space 2232832K, 99% used [0x00000006e5400000,0x000000076c7f95b8,0x000000076d880000)
 Metaspace       used 77105K, capacity 86379K, committed 86616K, reserved 1124352K
  class space    used 10142K, capacity 12081K, committed 12120K, reserved 1048576K
}
Event: 32108.290 GC heap before
{Heap before GC invocations=3870 (full 4):
 PSYoungGen      total 1042944K, used 1042578K [0x0000000777180000, 0x00000007c0000000, 0x00000007c0000000)
  eden space 940544K, 100% used [0x0000000777180000,0x00000007b0800000,0x00000007b0800000)
  from space 102400K, 99% used [0x00000007b0800000,0x00000007b6ba4a58,0x00000007b6c00000)
  to   space 129024K, 0% used [0x00000007b8200000,0x00000007b8200000,0x00000007c0000000)
 ParOldGen       total 2232832K, used 2215909K [0x00000006e5400000, 0x000000076d880000, 0x0000000777180000)
  object space 2232832K, 99% used [0x00000006e5400000,0x000000076c7f95b8,0x000000076d880000)
 Metaspace       used 77105K, capacity 86379K, committed 86616K, reserved 1124352K
  class space    used 10142K, capacity 12081K, committed 12120K, reserved 1048576K
Event: 32108.389 GC heap after
Heap after GC invocations=3870 (full 4):
 PSYoungGen      total 1062400K, used 102882K [0x0000000777180000, 0x00000007c0000000, 0x00000007c0000000)
  eden space 933376K, 0% used [0x0000000777180000,0x0000000777180000,0x00000007b0100000)
  from space 129024K, 79% used [0x00000007b8200000,0x00000007be678a40,0x00000007c0000000)
  to   space 130560K, 0% used [0x00000007b0100000,0x00000007b0100000,0x00000007b8080000)
 ParOldGen       total 2232832K, used 2219694K [0x00000006e5400000, 0x000000076d880000, 0x0000000777180000)
  object space 2232832K, 99% used [0x00000006e5400000,0x000000076cbab818,0x000000076d880000)
 Metaspace       used 77105K, capacity 86379K, committed 86616K, reserved 1124352K
  class space    used 10142K, capacity 12081K, committed 12120K, reserved 1048576K
}
Event: 32115.238 GC heap before
{Heap before GC invocations=3871 (full 4):
 PSYoungGen      total 1062400K, used 1036258K [0x0000000777180000, 0x00000007c0000000, 0x00000007c0000000)
  eden space 933376K, 100% used [0x0000000777180000,0x00000007b0100000,0x00000007b0100000)
  from space 129024K, 79% used [0x00000007b8200000,0x00000007be678a40,0x00000007c0000000)
  to   space 130560K, 0% used [0x00000007b0100000,0x00000007b0100000,0x00000007b8080000)
 ParOldGen       total 2232832K, used 2219694K [0x00000006e5400000, 0x000000076d880000, 0x0000000777180000)
  object space 2232832K, 99% used [0x00000006e5400000,0x000000076cbab818,0x000000076d880000)
 Metaspace       used 77106K, capacity 86379K, committed 86616K, reserved 1124352K
  class space    used 10142K, capacity 12081K, committed 12120K, reserved 1048576K
Event: 32115.321 GC heap after
Heap after GC invocations=3871 (full 4):
 PSYoungGen      total 1063936K, used 100320K [0x0000000777180000, 0x00000007c0000000, 0x00000007c0000000)
  eden space 933376K, 0% used [0x0000000777180000,0x0000000777180000,0x00000007b0100000)
  from space 130560K, 76% used [0x00000007b0100000,0x00000007b62f82c8,0x00000007b8080000)
  to   space 130560K, 0% used [0x00000007b8080000,0x00000007b8080000,0x00000007c0000000)
 ParOldGen       total 2232832K, used 2223910K [0x00000006e5400000, 0x000000076d880000, 0x0000000777180000)
  object space 2232832K, 99% used [0x00000006e5400000,0x000000076cfc99e8,0x000000076d880000)
 Metaspace       used 77106K, capacity 86379K, committed 86616K, reserved 1124352K
  class space    used 10142K, capacity 12081K, committed 12120K, reserved 1048576K
}
Event: 32115.321 GC heap before
{Heap before GC invocations=3872 (full 5):
 PSYoungGen      total 1063936K, used 100320K [0x0000000777180000, 0x00000007c0000000, 0x00000007c0000000)
  eden space 933376K, 0% used [0x0000000777180000,0x0000000777180000,0x00000007b0100000)
  from space 130560K, 76% used [0x00000007b0100000,0x00000007b62f82c8,0x00000007b8080000)
  to   space 130560K, 0% used [0x00000007b8080000,0x00000007b8080000,0x00000007c0000000)
 ParOldGen       total 2232832K, used 2223910K [0x00000006e5400000, 0x000000076d880000, 0x0000000777180000)
  object space 2232832K, 99% used [0x00000006e5400000,0x000000076cfc99e8,0x000000076d880000)
 Metaspace       used 77106K, capacity 86379K, committed 86616K, reserved 1124352K
  class space    used 10142K, capacity 12081K, committed 12120K, reserved 1048576K

Deoptimization events (10 events):
Event: 32088.691 Thread 0x00007f7fc1137000 Uncommon trap: reason=class_check action=maybe_recompile pc=0x00007f7fb2b8983c method=net.minecraft.class_1924.method_18458(DDDD)Z @ 1
Event: 32088.740 Thread 0x00007f7fc1137000 Uncommon trap: reason=class_check action=maybe_recompile pc=0x00007f7fb50ac784 method=net.minecraft.class_1917.method_8284()Z @ 41
Event: 32088.740 Thread 0x00007f7fc1137000 Uncommon trap: reason=class_check action=maybe_recompile pc=0x00007f7fb2b8983c method=net.minecraft.class_1924.method_18458(DDDD)Z @ 1
Event: 32088.752 Thread 0x00007f7f744fb000 Uncommon trap: reason=unstable_if action=reinterpret pc=0x00007f7fb4893464 method=net.minecraft.class_2962.method_12841(Lnet/minecraft/class_1936;Lnet/minecraft/class_2794;Ljava/util/Random;Lnet/minecraft/class_2338;Lnet/minecraft/class_2963;)Z @ 84
Event: 32088.789 Thread 0x00007f7fc1137000 Uncommon trap: reason=class_check action=maybe_recompile pc=0x00007f7fb50ac784 method=net.minecraft.class_1917.method_8284()Z @ 41
Event: 32088.789 Thread 0x00007f7fc1137000 Uncommon trap: reason=class_check action=maybe_recompile pc=0x00007f7fb2b8983c method=net.minecraft.class_1924.method_18458(DDDD)Z @ 1
Event: 32088.839 Thread 0x00007f7fc1137000 Uncommon trap: reason=class_check action=maybe_recompile pc=0x00007f7fb4988030 method=net.minecraft.class_1917.method_8284()Z @ 41
Event: 32095.811 Thread 0x00007f7f744fb000 Uncommon trap: reason=speculate_class_check action=maybe_recompile pc=0x00007f7fb404cef8 method=net.minecraft.class_1966.method_8758(Lnet/minecraft/class_2338;)Lnet/minecraft/class_1959; @ 9
Event: 32098.671 Thread 0x00007f7f744fb000 Uncommon trap: reason=speculate_class_check action=maybe_recompile pc=0x00007f7fb404cef8 method=net.minecraft.class_1966.method_8758(Lnet/minecraft/class_2338;)Lnet/minecraft/class_1959; @ 9
Event: 32100.537 Thread 0x00007f7fc1137000 Uncommon trap: reason=unstable_if action=reinterpret pc=0x00007f7fb4ef99ec method=net.minecraft.class_2346.method_10128(Lnet/minecraft/class_2680;)Z @ 21

Classes redefined (0 events):
No events

Internal exceptions (10 events):
Event: 26478.196 Thread 0x00007f7fc1137000 Implicit null exception at 0x00007f7fb4440a4d to 0x00007f7fb44423dd
Event: 26480.021 Thread 0x00007f7fc1137000 Implicit null exception at 0x00007f7fb4222c30 to 0x00007f7fb4224b79
Event: 27767.366 Thread 0x00007f7fc1137000 Implicit null exception at 0x00007f7fb284211a to 0x00007f7fb28423ed
Event: 28895.724 Thread 0x00007f7fc1137000 Implicit null exception at 0x00007f7fb4e1ea6b to 0x00007f7fb4e1f1fd
Event: 28896.168 Thread 0x00007f7fc1137000 Implicit null exception at 0x00007f7fb22646d0 to 0x00007f7fb22646e2
Event: 31439.776 Thread 0x00007f7fc1137000 Exception <a 'java/lang/NoSuchMethodError': java.lang.Object.method_9272(Ljava/lang/String;Ljava/lang/String;)Z> (0x00000007a9ea85d8) thrown at [/build/java8-openjdk/src/jdk8u-jdk8u222-b05/hotspot/src/share/vm/interpreter/linkResolver.cpp, line 620]
Event: 31909.284 Thread 0x00007f7f744fb800 Implicit null exception at 0x00007f7fb44ed958 to 0x00007f7fb44ee45d
Event: 31925.152 Thread 0x00007f7f744fb800 Implicit null exception at 0x00007f7fb2bf0f66 to 0x00007f7fb2bf172c
Event: 31927.630 Thread 0x00007f7fc1137000 Implicit null exception at 0x00007f7fb3adf5a0 to 0x00007f7fb3adf805
Event: 31927.631 Thread 0x00007f7fc1137000 Implicit null exception at 0x00007f7fb4a26494 to 0x00007f7fb4a2656e

Events (10 events):
Event: 32098.671 Thread 0x00007f7f744fb000 DEOPT PACKING pc=0x00007f7fb404cef8 sp=0x00007f7f7e3f9590
Event: 32098.671 Thread 0x00007f7f744fb000 DEOPT UNPACKING pc=0x00007f7fb104547a sp=0x00007f7f7e3f9550 mode 2
Event: 32100.537 Thread 0x00007f7fc1137000 Uncommon trap: trap_request=0xffffff65 fr.pc=0x00007f7fb4ef99ec
Event: 32100.537 Thread 0x00007f7fc1137000 DEOPT PACKING pc=0x00007f7fb4ef99ec sp=0x00007f7fa460a540
Event: 32100.537 Thread 0x00007f7fc1137000 DEOPT UNPACKING pc=0x00007f7fb104547a sp=0x00007f7fa460a4f8 mode 2
Event: 32102.710 Executing VM operation: ParallelGCFailedAllocation
Event: 32102.788 Executing VM operation: ParallelGCFailedAllocation done
Event: 32108.290 Executing VM operation: ParallelGCFailedAllocation
Event: 32108.389 Executing VM operation: ParallelGCFailedAllocation done
Event: 32115.238 Executing VM operation: ParallelGCFailedAllocation


Dynamic libraries:
6e5400000-76d880000 rw-p 00000000 00:00 0 
777180000-7c0000000 rw-p 00000000 00:00 0 
7c0000000-7c0bd6000 rw-p 00000000 00:00 0 
7c0bd6000-800000000 ---p 00000000 00:00 0 
558f9451a000-558f9451b000 r--p 00000000 08:00 262545                     /usr/lib/jvm/java-8-openjdk/jre/bin/java
558f9451b000-558f9451c000 r-xp 00001000 08:00 262545                     /usr/lib/jvm/java-8-openjdk/jre/bin/java
558f9451c000-558f9451d000 r--p 00002000 08:00 262545                     /usr/lib/jvm/java-8-openjdk/jre/bin/java
558f9451d000-558f9451e000 r--p 00002000 08:00 262545                     /usr/lib/jvm/java-8-openjdk/jre/bin/java
558f9451e000-558f9451f000 rw-p 00003000 08:00 262545                     /usr/lib/jvm/java-8-openjdk/jre/bin/java
558f95c8e000-558f95de2000 rw-p 00000000 00:00 0                          [heap]
7f7f60000000-7f7f615b5000 rw-p 00000000 00:00 0 
7f7f615b5000-7f7f64000000 ---p 00000000 00:00 0 
7f7f657ff000-7f7f658bf000 rw-p 00000000 00:00 0 
7f7f658bf000-7f7f659ff000 ---p 00000000 00:00 0 
7f7f659ff000-7f7f65bff000 rw-p 00000000 00:00 0 
7f7f65bff000-7f7f65dff000 rw-p 00000000 00:00 0 
7f7f65dff000-7f7f65fff000 rw-p 00000000 00:00 0 
7f7f65fff000-7f7f661ff000 rw-p 00000000 00:00 0 
7f7f661ff000-7f7f663ff000 rw-p 00000000 00:00 0 
7f7f663ff000-7f7f665ff000 rw-p 00000000 00:00 0 
7f7f665ff000-7f7f667ff000 rw-p 00000000 00:00 0 
7f7f667ff000-7f7f669ff000 rw-p 00000000 00:00 0 
7f7f669ff000-7f7f66bff000 rw-p 00000000 00:00 0 
7f7f66bff000-7f7f66dff000 rw-p 00000000 00:00 0 
7f7f66dff000-7f7f66fff000 rw-p 00000000 00:00 0 
7f7f66fff000-7f7f68000000 rw-p 00000000 00:00 0 
7f7f68000000-7f7f68222000 rw-p 00000000 00:00 0 
7f7f68222000-7f7f6c000000 ---p 00000000 00:00 0 
7f7f6c1ef000-7f7f6f3f2000 rw-p 00000000 00:00 0 
7f7f6f3f2000-7f7f6f5f2000 rw-p 00000000 00:00 0 
7f7f6f5f2000-7f7f6f7f2000 rw-p 00000000 00:00 0 
7f7f6f7f2000-7f7f6f7ff000 r-xp 00000000 00:2d 10141356                   /tmp/libnetty_transport_native_epoll_x86_647077332161873469568.so (deleted)
7f7f6f7ff000-7f7f6f9fe000 ---p 0000d000 00:2d 10141356                   /tmp/libnetty_transport_native_epoll_x86_647077332161873469568.so (deleted)
7f7f6f9fe000-7f7f6fa00000 rw-p 0000c000 00:2d 10141356                   /tmp/libnetty_transport_native_epoll_x86_647077332161873469568.so (deleted)
7f7f6fa00000-7f7f6fc00000 rw-p 00000000 00:00 0 
7f7f6fc00000-7f7f6fe00000 rw-p 00000000 00:00 0 
7f7f6fe00000-7f7f70000000 rw-p 00000000 00:00 0 
7f7f70000000-7f7f70177000 rw-p 00000000 00:00 0 
7f7f70177000-7f7f74000000 ---p 00000000 00:00 0 
7f7f74000000-7f7f7462b000 rw-p 00000000 00:00 0 
7f7f7462b000-7f7f78000000 ---p 00000000 00:00 0 
7f7f78000000-7f7f7822f000 rw-p 00000000 00:00 0 
7f7f7822f000-7f7f7c000000 ---p 00000000 00:00 0 
7f7f7c14f000-7f7f7c34f000 rw-p 00000000 00:00 0 
7f7f7c34f000-7f7f7c54f000 rw-p 00000000 00:00 0 
7f7f7c54f000-7f7f7c74f000 rw-p 00000000 00:00 0 
7f7f7c74f000-7f7f7c94f000 rw-p 00000000 00:00 0 
7f7f7c94f000-7f7f7cb4f000 rw-p 00000000 00:00 0 
7f7f7cb4f000-7f7f7cd4f000 rw-p 00000000 00:00 0 
7f7f7cd4f000-7f7f7cf4f000 rw-p 00000000 00:00 0 
7f7f7cf4f000-7f7f7d14f000 rw-p 00000000 00:00 0 
7f7f7d14f000-7f7f7d34f000 rw-p 00000000 00:00 0 
7f7f7d34f000-7f7f7d54f000 rw-p 00000000 00:00 0 
7f7f7d54f000-7f7f7d559000 r--p 00000000 08:00 30356                      /usr/lib/libblkid.so.1.1.0
7f7f7d559000-7f7f7d58e000 r-xp 0000a000 08:00 30356                      /usr/lib/libblkid.so.1.1.0
7f7f7d58e000-7f7f7d59e000 r--p 0003f000 08:00 30356                      /usr/lib/libblkid.so.1.1.0
7f7f7d59e000-7f7f7d59f000 ---p 0004f000 08:00 30356                      /usr/lib/libblkid.so.1.1.0
7f7f7d59f000-7f7f7d5a4000 r--p 0004f000 08:00 30356                      /usr/lib/libblkid.so.1.1.0
7f7f7d5a4000-7f7f7d5a5000 rw-p 00054000 08:00 30356                      /usr/lib/libblkid.so.1.1.0
7f7f7d5a5000-7f7f7d5a7000 r--p 00000000 08:00 13650                      /usr/lib/libpcre.so.1.2.11
7f7f7d5a7000-7f7f7d5f8000 r-xp 00002000 08:00 13650                      /usr/lib/libpcre.so.1.2.11
7f7f7d5f8000-7f7f7d616000 r--p 00053000 08:00 13650                      /usr/lib/libpcre.so.1.2.11
7f7f7d616000-7f7f7d617000 r--p 00070000 08:00 13650                      /usr/lib/libpcre.so.1.2.11
7f7f7d617000-7f7f7d618000 rw-p 00071000 08:00 13650                      /usr/lib/libpcre.so.1.2.11
7f7f7d618000-7f7f7d633000 r--p 00000000 08:00 18581                      /usr/lib/libglib-2.0.so.0.6000.5
7f7f7d633000-7f7f7d6b4000 r-xp 0001b000 08:00 18581                      /usr/lib/libglib-2.0.so.0.6000.5
7f7f7d6b4000-7f7f7d737000 r--p 0009c000 08:00 18581                      /usr/lib/libglib-2.0.so.0.6000.5
7f7f7d737000-7f7f7d738000 r--p 0011e000 08:00 18581                      /usr/lib/libglib-2.0.so.0.6000.5
7f7f7d738000-7f7f7d739000 rw-p 0011f000 08:00 18581                      /usr/lib/libglib-2.0.so.0.6000.5
7f7f7d739000-7f7f7d73a000 rw-p 00000000 00:00 0 
7f7f7d73a000-7f7f7d770000 r--p 00000000 08:00 18578                      /usr/lib/libgio-2.0.so.0.6000.5
7f7f7d770000-7f7f7d85e000 r-xp 00036000 08:00 18578                      /usr/lib/libgio-2.0.so.0.6000.5
7f7f7d85e000-7f7f7d8d9000 r--p 00124000 08:00 18578                      /usr/lib/libgio-2.0.so.0.6000.5
7f7f7d8d9000-7f7f7d8e0000 r--p 0019e000 08:00 18578                      /usr/lib/libgio-2.0.so.0.6000.5
7f7f7d8e0000-7f7f7d8e1000 rw-p 001a5000 08:00 18578                      /usr/lib/libgio-2.0.so.0.6000.5
7f7f7d8e1000-7f7f7d8e3000 rw-p 00000000 00:00 0 
7f7f7d948000-7f7f7d949000 r--s 00000000 08:00 1280266                    /home/zhang/Git/mc-ss/world/datapacks/husks.zip
7f7f7d949000-7f7f7d95c000 r--s 00346000 08:00 262651                     /usr/lib/jvm/java-8-openjdk/jre/lib/resources.jar
7f7f7d95c000-7f7f7d969000 r--s 0009b000 08:00 407873                     /home/zhang/Git/mc-ss/mods/fabric-carpet-1.14.4-1.2.0v191020.jar
7f7f7d969000-7f7f7d97f000 r--s 0012d000 00:2d 10141055                   /tmp/jar_cache8604361360432883723.tmp (deleted)
7f7f7d97f000-7f7f7d9b1000 r--s 001d4000 08:00 1280772                    /home/zhang/Git/mc-ss/mods/worldedit-fabric-mc1.14.4-7.0.1-rc1.jar
7f7f7d9b1000-7f7f7d9ed000 r--s 0027e000 00:2d 10141043                   /tmp/jar_cache500741061070632837.tmp (deleted)
7f7f7d9ed000-7f7f7dbed000 rw-p 00000000 00:00 0 
7f7f7dbed000-7f7f7dbee000 r--s 00000000 08:00 138879                     /home/zhang/Git/mc-ss/world/datapacks/ShulkerShells_1.0.zip
7f7f7dbee000-7f7f7dbef000 r--s 00000000 08:00 148099                     /home/zhang/Git/mc-ss/world/datapacks/Enderdragon_elytra_1.0.zip
7f7f7dbef000-7f7f7dbf1000 r--s 00016000 08:00 262635                     /usr/lib/jvm/java-8-openjdk/jre/lib/jce.jar
7f7f7dbf1000-7f7f7dbf3000 r--s 00003000 00:2d 10141069                   /tmp/jar_cache8421067247418505343.tmp (deleted)
7f7f7dbf3000-7f7f7dbf5000 r--s 00004000 00:2d 10141067                   /tmp/jar_cache7029465287024176475.tmp (deleted)
7f7f7dbf5000-7f7f7dbf7000 r--s 00006000 00:2d 10141065                   /tmp/jar_cache4880467929028317755.tmp (deleted)
7f7f7dbf7000-7f7f7dbf9000 r--s 00003000 00:2d 10141063                   /tmp/jar_cache961743467901486062.tmp (deleted)
7f7f7dbf9000-7f7f7dbfb000 r--s 00068000 08:00 1280225                    /home/zhang/Git/mc-ss/mods/fabric-api-0.3.0+build.207.jar
7f7f7dbfb000-7f7f7dbfd000 r--s 00003000 00:2d 10141061                   /tmp/jar_cache1184165446475992290.tmp (deleted)
7f7f7dbfd000-7f7f7dbfe000 r--s 00002000 00:2d 10141059                   /tmp/jar_cache6322112270712883475.tmp (deleted)
7f7f7dbfe000-7f7f7dbff000 r--s 00002000 00:2d 10141057                   /tmp/jar_cache506507280822578069.tmp (deleted)
7f7f7dbff000-7f7f7dc11000 r--s 00106000 00:2d 10141979                   /tmp/jar_cache1160158362471801513.tmp (deleted)
7f7f7dc11000-7f7f7dc15000 r--p 00000000 08:00 13634                      /usr/lib/libmagic.so.1.0.0
7f7f7dc15000-7f7f7dc2d000 r-xp 00004000 08:00 13634                      /usr/lib/libmagic.so.1.0.0
7f7f7dc2d000-7f7f7dc35000 r--p 0001c000 08:00 13634                      /usr/lib/libmagic.so.1.0.0
7f7f7dc35000-7f7f7dc37000 r--p 00023000 08:00 13634                      /usr/lib/libmagic.so.1.0.0
7f7f7dc37000-7f7f7dc38000 rw-p 00025000 08:00 13634                      /usr/lib/libmagic.so.1.0.0
7f7f7dc38000-7f7f7dc44000 r--p 00000000 08:00 39598                      /usr/lib/libmount.so.1.1.0
7f7f7dc44000-7f7f7dc81000 r-xp 0000c000 08:00 39598                      /usr/lib/libmount.so.1.1.0
7f7f7dc81000-7f7f7dc93000 r--p 00049000 08:00 39598                      /usr/lib/libmount.so.1.1.0
7f7f7dc93000-7f7f7dc94000 ---p 0005b000 08:00 39598                      /usr/lib/libmount.so.1.1.0
7f7f7dc94000-7f7f7dc97000 r--p 0005b000 08:00 39598                      /usr/lib/libmount.so.1.1.0
7f7f7dc97000-7f7f7dc98000 rw-p 0005e000 08:00 39598                      /usr/lib/libmount.so.1.1.0
7f7f7dc98000-7f7f7dca6000 r--p 00000000 08:00 21194                      /usr/lib/libgobject-2.0.so.0.6000.5
7f7f7dca6000-7f7f7dcd8000 r-xp 0000e000 08:00 21194                      /usr/lib/libgobject-2.0.so.0.6000.5
7f7f7dcd8000-7f7f7dcf0000 r--p 00040000 08:00 21194                      /usr/lib/libgobject-2.0.so.0.6000.5
7f7f7dcf0000-7f7f7dcf3000 r--p 00057000 08:00 21194                      /usr/lib/libgobject-2.0.so.0.6000.5
7f7f7dcf3000-7f7f7dcf4000 rw-p 0005a000 08:00 21194                      /usr/lib/libgobject-2.0.so.0.6000.5
7f7f7dcf4000-7f7f7dcf7000 ---p 00000000 00:00 0 
7f7f7dcf7000-7f7f7ddf5000 rw-p 00000000 00:00 0 
7f7f7ddf5000-7f7f7ddf8000 ---p 00000000 00:00 0 
7f7f7ddf8000-7f7f7def6000 rw-p 00000000 00:00 0 
7f7f7def6000-7f7f7def9000 ---p 00000000 00:00 0 
7f7f7def9000-7f7f7dff7000 rw-p 00000000 00:00 0 
7f7f7dff7000-7f7f7dffa000 ---p 00000000 00:00 0 
7f7f7dffa000-7f7f7e0f8000 rw-p 00000000 00:00 0 
7f7f7e0f8000-7f7f7e0fb000 ---p 00000000 00:00 0 
7f7f7e0fb000-7f7f7e1f9000 rw-p 00000000 00:00 0 
7f7f7e1f9000-7f7f7e1fc000 ---p 00000000 00:00 0 
7f7f7e1fc000-7f7f7e2fa000 rw-p 00000000 00:00 0 
7f7f7e2fa000-7f7f7e2fd000 ---p 00000000 00:00 0 
7f7f7e2fd000-7f7f7e3fb000 rw-p 00000000 00:00 0 
7f7f7e3fb000-7f7f7e3fe000 ---p 00000000 00:00 0 
7f7f7e3fe000-7f7f7e4fc000 rw-p 00000000 00:00 0 
7f7f7e4fc000-7f7f7e4ff000 ---p 00000000 00:00 0 
7f7f7e4ff000-7f7f7e5fd000 rw-p 00000000 00:00 0 
7f7f7e5fd000-7f7f7e600000 ---p 00000000 00:00 0 
7f7f7e600000-7f7f7e6fe000 rw-p 00000000 00:00 0 
7f7f7e6fe000-7f7f7e701000 ---p 00000000 00:00 0 
7f7f7e701000-7f7f80000000 rw-p 00000000 00:00 0 
7f7f80000000-7f7f80021000 rw-p 00000000 00:00 0 
7f7f80021000-7f7f84000000 ---p 00000000 00:00 0 
7f7f84000000-7f7f84021000 rw-p 00000000 00:00 0 
7f7f84021000-7f7f88000000 ---p 00000000 00:00 0 
7f7f88000000-7f7f8bffe000 rw-p 00000000 00:00 0 
7f7f8bffe000-7f7f8c000000 ---p 00000000 00:00 0 
7f7f8c000000-7f7f8cf55000 rw-p 00000000 00:00 0 
7f7f8cf55000-7f7f90000000 ---p 00000000 00:00 0 
7f7f90000000-7f7f90021000 rw-p 00000000 00:00 0 
7f7f90021000-7f7f94000000 ---p 00000000 00:00 0 
7f7f94000000-7f7f94021000 rw-p 00000000 00:00 0 
7f7f94021000-7f7f98000000 ---p 00000000 00:00 0 
7f7f98000000-7f7f982cc000 rw-p 00000000 00:00 0 
7f7f982cc000-7f7f9c000000 ---p 00000000 00:00 0 
7f7f9c000000-7f7f9c021000 rw-p 00000000 00:00 0 
7f7f9c021000-7f7fa0000000 ---p 00000000 00:00 0 
7f7fa0000000-7f7fa0038000 rw-p 00000000 00:00 0 
7f7fa0038000-7f7fa4000000 ---p 00000000 00:00 0 
7f7fa4000000-7f7fa4002000 r--s 0000a000 08:00 1280771                    /home/zhang/Git/mc-ss/mods/foamfix-0.12.1.jar
7f7fa4002000-7f7fa4003000 r--s 00001000 00:2d 10141053                   /tmp/jar_cache9206510656675096929.tmp (deleted)
7f7fa4003000-7f7fa4006000 r--s 0000a000 00:2d 10141051                   /tmp/jar_cache8107310637575390558.tmp (deleted)
7f7fa4006000-7f7fa4009000 ---p 00000000 00:00 0 
7f7fa4009000-7f7fa4107000 rw-p 00000000 00:00 0 
7f7fa4107000-7f7fa410a000 ---p 00000000 00:00 0 
7f7fa410a000-7f7fa4208000 rw-p 00000000 00:00 0 
7f7fa4208000-7f7fa420b000 ---p 00000000 00:00 0 
7f7fa420b000-7f7fa4309000 rw-p 00000000 00:00 0 
7f7fa4309000-7f7fa430c000 ---p 00000000 00:00 0 
7f7fa430c000-7f7fa440a000 rw-p 00000000 00:00 0 
7f7fa440a000-7f7fa440d000 ---p 00000000 00:00 0 
7f7fa440d000-7f7fa450b000 rw-p 00000000 00:00 0 
7f7fa450b000-7f7fa450e000 ---p 00000000 00:00 0 
7f7fa450e000-7f7fa460c000 rw-p 00000000 00:00 0 
7f7fa460c000-7f7fa460f000 ---p 00000000 00:00 0 
7f7fa460f000-7f7fa470d000 rw-p 00000000 00:00 0 
7f7fa470d000-7f7fa4710000 ---p 00000000 00:00 0 
7f7fa4710000-7f7fa480e000 rw-p 00000000 00:00 0 
7f7fa480e000-7f7fa4814000 r--p 00000000 08:00 39642                      /usr/lib/libnss_resolve.so.2
7f7fa4814000-7f7fa4845000 r-xp 00006000 08:00 39642                      /usr/lib/libnss_resolve.so.2
7f7fa4845000-7f7fa4856000 r--p 00037000 08:00 39642                      /usr/lib/libnss_resolve.so.2
7f7fa4856000-7f7fa4859000 r--p 00047000 08:00 39642                      /usr/lib/libnss_resolve.so.2
7f7fa4859000-7f7fa485a000 rw-p 0004a000 08:00 39642                      /usr/lib/libnss_resolve.so.2
7f7fa485a000-7f7fa4a5b000 rw-p 00000000 00:00 0 
7f7fa4a5b000-7f7fa4c48000 r--s 01b6c000 08:00 1280232                    /home/zhang/Git/mc-ss/.fabric/remappedJars/minecraft-1.14.4/intermediary-server.jar
7f7fa4d3c000-7f7fa4d3f000 r--p 00000000 08:00 262565                     /usr/lib/jvm/java-8-openjdk/jre/lib/amd64/libawt_headless.so
7f7fa4d3f000-7f7fa4d42000 r-xp 00003000 08:00 262565                     /usr/lib/jvm/java-8-openjdk/jre/lib/amd64/libawt_headless.so
7f7fa4d42000-7f7fa4d44000 r--p 00006000 08:00 262565                     /usr/lib/jvm/java-8-openjdk/jre/lib/amd64/libawt_headless.so
7f7fa4d44000-7f7fa4d45000 r--p 00007000 08:00 262565                     /usr/lib/jvm/java-8-openjdk/jre/lib/amd64/libawt_headless.so
7f7fa4d45000-7f7fa4d46000 rw-p 00008000 08:00 262565                     /usr/lib/jvm/java-8-openjdk/jre/lib/amd64/libawt_headless.so
7f7fa4d46000-7f7fa4d73000 r--p 00000000 08:00 262564                     /usr/lib/jvm/java-8-openjdk/jre/lib/amd64/libawt.so
7f7fa4d73000-7f7fa4dd9000 r-xp 0002d000 08:00 262564                     /usr/lib/jvm/java-8-openjdk/jre/lib/amd64/libawt.so
7f7fa4dd9000-7f7fa4de5000 r--p 00093000 08:00 262564                     /usr/lib/jvm/java-8-openjdk/jre/lib/amd64/libawt.so
7f7fa4de5000-7f7fa4de6000 ---p 0009f000 08:00 262564                     /usr/lib/jvm/java-8-openjdk/jre/lib/amd64/libawt.so
7f7fa4de6000-7f7fa4de7000 r--p 0009f000 08:00 262564                     /usr/lib/jvm/java-8-openjdk/jre/lib/amd64/libawt.so
7f7fa4de7000-7f7fa4df2000 rw-p 000a0000 08:00 262564                     /usr/lib/jvm/java-8-openjdk/jre/lib/amd64/libawt.so
7f7fa4df2000-7f7fa4e17000 rw-p 00000000 00:00 0 
7f7fa4e17000-7f7fa4e32000 r--s 00394000 08:00 262615                     /usr/lib/jvm/java-8-openjdk/jre/lib/ext/cldrdata.jar
7f7fa4e32000-7f7fa4e35000 r--p 00000000 08:00 30127                      /usr/lib/libgcc_s.so.1
7f7fa4e35000-7f7fa4e46000 r-xp 00003000 08:00 30127                      /usr/lib/libgcc_s.so.1
7f7fa4e46000-7f7fa4e4a000 r--p 00014000 08:00 30127                      /usr/lib/libgcc_s.so.1
7f7fa4e4a000-7f7fa4e4b000 r--p 00017000 08:00 30127                      /usr/lib/libgcc_s.so.1
7f7fa4e4b000-7f7fa4e4c000 rw-p 00018000 08:00 30127                      /usr/lib/libgcc_s.so.1
7f7fa4e4c000-7f7fa4e56000 r--s 00116000 08:00 262618                     /usr/lib/jvm/java-8-openjdk/jre/lib/ext/localedata.jar
7f7fa4e56000-7f7fa4e5b000 r--s 0003c000 08:00 262622                     /usr/lib/jvm/java-8-openjdk/jre/lib/ext/sunjce_provider.jar
7f7fa4e5b000-7f7fa4e64000 r--p 00000000 08:00 262595                     /usr/lib/jvm/java-8-openjdk/jre/lib/amd64/libsunec.so
7f7fa4e64000-7f7fa4e88000 r-xp 00009000 08:00 262595                     /usr/lib/jvm/java-8-openjdk/jre/lib/amd64/libsunec.so
7f7fa4e88000-7f7fa4e94000 r--p 0002d000 08:00 262595                     /usr/lib/jvm/java-8-openjdk/jre/lib/amd64/libsunec.so
7f7fa4e94000-7f7fa4e95000 ---p 00039000 08:00 262595                     /usr/lib/jvm/java-8-openjdk/jre/lib/amd64/libsunec.so
7f7fa4e95000-7f7fa4e9a000 r--p 00039000 08:00 262595                     /usr/lib/jvm/java-8-openjdk/jre/lib/amd64/libsunec.so
7f7fa4e9a000-7f7fa4e9b000 rw-p 0003e000 08:00 262595                     /usr/lib/jvm/java-8-openjdk/jre/lib/amd64/libsunec.so
7f7fa4e9b000-7f7fa4e9d000 r--s 00008000 08:00 262621                     /usr/lib/jvm/java-8-openjdk/jre/lib/ext/sunec.jar
7f7fa4e9d000-7f7fa4ea0000 r--s 00039000 08:00 262623                     /usr/lib/jvm/java-8-openjdk/jre/lib/ext/sunpkcs11.jar
7f7fa4ea0000-7f7fa50a0000 rw-p 00000000 00:00 0 
7f7fa50a0000-7f7fac000000 rw-p 00000000 00:00 0 
7f7fac000000-7f7fac074000 rw-p 00000000 00:00 0 
7f7fac074000-7f7fb0000000 ---p 00000000 00:00 0 
7f7fb0000000-7f7fb0001000 r--s 00002000 00:2d 10141049                   /tmp/jar_cache3315836971721909411.tmp (deleted)
7f7fb0001000-7f7fb0003000 r--s 00001000 00:2d 10141047                   /tmp/jar_cache1932154744403525871.tmp (deleted)
7f7fb0003000-7f7fb0005000 r--s 00003000 00:2d 10141045                   /tmp/jar_cache6328402701443057168.tmp (deleted)
7f7fb0005000-7f7fb0006000 r--s 00007000 00:2d 10141041                   /tmp/jar_cache4089621362879466541.tmp (deleted)
7f7fb0006000-7f7fb0007000 r--s 00001000 00:2d 10141039                   /tmp/jar_cache2007067101250029866.tmp (deleted)
7f7fb0007000-7f7fb0009000 r--s 00003000 00:2d 10141995                   /tmp/jar_cache5651580981826072573.tmp (deleted)
7f7fb0009000-7f7fb000b000 r--p 00000000 08:00 13749                      /usr/lib/libffi.so.6.0.4
7f7fb000b000-7f7fb0010000 r-xp 00002000 08:00 13749                      /usr/lib/libffi.so.6.0.4
7f7fb0010000-7f7fb0011000 r--p 00007000 08:00 13749                      /usr/lib/libffi.so.6.0.4
7f7fb0011000-7f7fb0012000 ---p 00008000 08:00 13749                      /usr/lib/libffi.so.6.0.4
7f7fb0012000-7f7fb0013000 r--p 00008000 08:00 13749                      /usr/lib/libffi.so.6.0.4
7f7fb0013000-7f7fb0014000 rw-p 00009000 08:00 13749                      /usr/lib/libffi.so.6.0.4
7f7fb0014000-7f7fb0015000 r--p 00000000 08:00 21063                      /usr/lib/libgmodule-2.0.so.0.6000.5
7f7fb0015000-7f7fb0016000 r-xp 00001000 08:00 21063                      /usr/lib/libgmodule-2.0.so.0.6000.5
7f7fb0016000-7f7fb0017000 r--p 00002000 08:00 21063                      /usr/lib/libgmodule-2.0.so.0.6000.5
7f7fb0017000-7f7fb0018000 r--p 00002000 08:00 21063                      /usr/lib/libgmodule-2.0.so.0.6000.5
7f7fb0018000-7f7fb0019000 rw-p 00003000 08:00 21063                      /usr/lib/libgmodule-2.0.so.0.6000.5
7f7fb0019000-7f7fb001d000 r--p 00000000 08:00 22720                      /usr/lib/libresolv-2.29.so
7f7fb001d000-7f7fb002a000 r-xp 00004000 08:00 22720                      /usr/lib/libresolv-2.29.so
7f7fb002a000-7f7fb002d000 r--p 00011000 08:00 22720                      /usr/lib/libresolv-2.29.so
7f7fb002d000-7f7fb002e000 ---p 00014000 08:00 22720                      /usr/lib/libresolv-2.29.so
7f7fb002e000-7f7fb002f000 r--p 00014000 08:00 22720                      /usr/lib/libresolv-2.29.so
7f7fb002f000-7f7fb0030000 rw-p 00015000 08:00 22720                      /usr/lib/libresolv-2.29.so
7f7fb0030000-7f7fb0032000 rw-p 00000000 00:00 0 
7f7fb0032000-7f7fb0035000 r--p 00000000 08:00 39640                      /usr/lib/libnss_myhostname.so.2
7f7fb0035000-7f7fb003f000 r-xp 00003000 08:00 39640                      /usr/lib/libnss_myhostname.so.2
7f7fb003f000-7f7fb0045000 r--p 0000d000 08:00 39640                      /usr/lib/libnss_myhostname.so.2
7f7fb0045000-7f7fb0048000 r--p 00012000 08:00 39640                      /usr/lib/libnss_myhostname.so.2
7f7fb0048000-7f7fb0049000 rw-p 00015000 08:00 39640                      /usr/lib/libnss_myhostname.so.2
7f7fb0049000-7f7fb004f000 r--p 00000000 08:00 39641                      /usr/lib/libnss_mymachines.so.2
7f7fb004f000-7f7fb0081000 r-xp 00006000 08:00 39641                      /usr/lib/libnss_mymachines.so.2
7f7fb0081000-7f7fb0092000 r--p 00038000 08:00 39641                      /usr/lib/libnss_mymachines.so.2
7f7fb0092000-7f7fb0095000 r--p 00048000 08:00 39641                      /usr/lib/libnss_mymachines.so.2
7f7fb0095000-7f7fb0096000 rw-p 0004b000 08:00 39641                      /usr/lib/libnss_mymachines.so.2
7f7fb0096000-7f7fb0097000 rw-p 00000000 00:00 0 
7f7fb0097000-7f7fb0098000 r--s 00003000 00:2d 10141037                   /tmp/jar_cache4715331680441571580.tmp (deleted)
7f7fb0098000-7f7fb009a000 r--s 00001000 00:2d 10141993                   /tmp/jar_cache903032598567160605.tmp (deleted)
7f7fb009a000-7f7fb009b000 r--s 0048c000 08:00 1280234                    /home/zhang/Git/mc-ss/mods/fabric-language-kotlin-1.3.40+build.1.jar
7f7fb009b000-7f7fb009d000 r--s 00005000 00:2d 10141989                   /tmp/jar_cache3330841901435300760.tmp (deleted)
7f7fb009d000-7f7fb009f000 r--s 00005000 00:2d 10141987                   /tmp/jar_cache5477888371397691825.tmp (deleted)
7f7fb009f000-7f7fb00a1000 r--s 00002000 00:2d 10141985                   /tmp/jar_cache2808606523596547155.tmp (deleted)
7f7fb00a1000-7f7fb00a4000 r--s 00019000 00:2d 10141983                   /tmp/jar_cache6566612367963547004.tmp (deleted)
7f7fb00a4000-7f7fb00a6000 r--s 00001000 00:2d 10141977                   /tmp/jar_cache1802094495613263153.tmp (deleted)
7f7fb00a6000-7f7fb00a9000 ---p 00000000 00:00 0 
7f7fb00a9000-7f7fb01a7000 rw-p 00000000 00:00 0 
7f7fb01a7000-7f7fb01ae000 r--p 00000000 08:00 262589                     /usr/lib/jvm/java-8-openjdk/jre/lib/amd64/libnio.so
7f7fb01ae000-7f7fb01b6000 r-xp 00007000 08:00 262589                     /usr/lib/jvm/java-8-openjdk/jre/lib/amd64/libnio.so
7f7fb01b6000-7f7fb01b9000 r--p 0000f000 08:00 262589                     /usr/lib/jvm/java-8-openjdk/jre/lib/amd64/libnio.so
7f7fb01b9000-7f7fb01ba000 ---p 00012000 08:00 262589                     /usr/lib/jvm/java-8-openjdk/jre/lib/amd64/libnio.so
7f7fb01ba000-7f7fb01bb000 r--p 00012000 08:00 262589                     /usr/lib/jvm/java-8-openjdk/jre/lib/amd64/libnio.so
7f7fb01bb000-7f7fb01bc000 rw-p 00013000 08:00 262589                     /usr/lib/jvm/java-8-openjdk/jre/lib/amd64/libnio.so
7f7fb01bc000-7f7fb03bc000 rw-p 00000000 00:00 0 
7f7fb03bc000-7f7fb0614000 r--s 01ff3000 08:00 407403                     /home/zhang/Git/mc-ss/server.jar
7f7fb0614000-7f7fb0615000 ---p 00000000 00:00 0 
7f7fb0615000-7f7fb0715000 rw-p 00000000 00:00 0 
7f7fb0715000-7f7fb0718000 ---p 00000000 00:00 0 
7f7fb0718000-7f7fb0816000 rw-p 00000000 00:00 0 
7f7fb0816000-7f7fb0817000 ---p 00000000 00:00 0 
7f7fb0817000-7f7fb081a000 ---p 00000000 00:00 0 
7f7fb081a000-7f7fb0917000 rw-p 00000000 00:00 0 
7f7fb0917000-7f7fb0918000 ---p 00000000 00:00 0 
7f7fb0918000-7f7fb091b000 ---p 00000000 00:00 0 
7f7fb091b000-7f7fb0a18000 rw-p 00000000 00:00 0 
7f7fb0a18000-7f7fb0a1b000 ---p 00000000 00:00 0 
7f7fb0a1b000-7f7fb0b19000 rw-p 00000000 00:00 0 
7f7fb0b19000-7f7fb0dfe000 r--p 00000000 08:00 42621                      /usr/lib/locale/locale-archive
7f7fb0dfe000-7f7fb0e01000 ---p 00000000 00:00 0 
7f7fb0e01000-7f7fb0eff000 rw-p 00000000 00:00 0 
7f7fb0eff000-7f7fb0f02000 ---p 00000000 00:00 0 
7f7fb0f02000-7f7fb1000000 rw-p 00000000 00:00 0 
7f7fb1000000-7f7fb5260000 rwxp 00000000 00:00 0 
7f7fb5260000-7f7fc0000000 ---p 00000000 00:00 0 
7f7fc0000000-7f7fc1147000 rw-p 00000000 00:00 0 
7f7fc1147000-7f7fc4000000 ---p 00000000 00:00 0 
7f7fc4000000-7f7fc4001000 r--s 00000000 00:2d 10141991                   /tmp/jar_cache4949165562652100142.tmp (deleted)
7f7fc4001000-7f7fc4003000 r--p 00000000 08:00 22461                      /usr/lib/libnss_dns-2.29.so
7f7fc4003000-7f7fc4007000 r-xp 00002000 08:00 22461                      /usr/lib/libnss_dns-2.29.so
7f7fc4007000-7f7fc4008000 r--p 00006000 08:00 22461                      /usr/lib/libnss_dns-2.29.so
7f7fc4008000-7f7fc4009000 r--p 00006000 08:00 22461                      /usr/lib/libnss_dns-2.29.so
7f7fc4009000-7f7fc400a000 rw-p 00007000 08:00 22461                      /usr/lib/libnss_dns-2.29.so
7f7fc400a000-7f7fc4025000 r--s 001d6000 08:00 262620                     /usr/lib/jvm/java-8-openjdk/jre/lib/ext/nashorn.jar
7f7fc4025000-7f7fc402a000 r--p 00000000 08:00 262588                     /usr/lib/jvm/java-8-openjdk/jre/lib/amd64/libnet.so
7f7fc402a000-7f7fc4039000 r-xp 00005000 08:00 262588                     /usr/lib/jvm/java-8-openjdk/jre/lib/amd64/libnet.so
7f7fc4039000-7f7fc403d000 r--p 00014000 08:00 262588                     /usr/lib/jvm/java-8-openjdk/jre/lib/amd64/libnet.so
7f7fc403d000-7f7fc403e000 r--p 00017000 08:00 262588                     /usr/lib/jvm/java-8-openjdk/jre/lib/amd64/libnet.so
7f7fc403e000-7f7fc403f000 rw-p 00018000 08:00 262588                     /usr/lib/jvm/java-8-openjdk/jre/lib/amd64/libnet.so
7f7fc403f000-7f7fc4043000 r--p 00000000 08:00 262586                     /usr/lib/jvm/java-8-openjdk/jre/lib/amd64/libmanagement.so
7f7fc4043000-7f7fc4046000 r-xp 00004000 08:00 262586                     /usr/lib/jvm/java-8-openjdk/jre/lib/amd64/libmanagement.so
7f7fc4046000-7f7fc4048000 r--p 00007000 08:00 262586                     /usr/lib/jvm/java-8-openjdk/jre/lib/amd64/libmanagement.so
7f7fc4048000-7f7fc4049000 r--p 00008000 08:00 262586                     /usr/lib/jvm/java-8-openjdk/jre/lib/amd64/libmanagement.so
7f7fc4049000-7f7fc404a000 rw-p 00009000 08:00 262586                     /usr/lib/jvm/java-8-openjdk/jre/lib/amd64/libmanagement.so
7f7fc404a000-7f7fc40aa000 rw-p 00000000 00:00 0 
7f7fc40aa000-7f7fc40fb000 r--s 0048d000 08:00 407411                     /home/zhang/Git/mc-ss/fabric-server-launch.jar
7f7fc40fb000-7f7fc40fc000 ---p 00000000 00:00 0 
7f7fc40fc000-7f7fc4b53000 rw-p 00000000 00:00 0 
7f7fc4b53000-7f7fc4d22000 r--s 03c3d000 08:00 262652                     /usr/lib/jvm/java-8-openjdk/jre/lib/rt.jar
7f7fc4d22000-7f7fc5d0e000 rw-p 00000000 00:00 0 
7f7fc5d0e000-7f7fc5d0f000 ---p 00000000 00:00 0 
7f7fc5d0f000-7f7fc5e0f000 rw-p 00000000 00:00 0 
7f7fc5e0f000-7f7fc5e10000 ---p 00000000 00:00 0 
7f7fc5e10000-7f7fc6353000 rw-p 00000000 00:00 0 
7f7fc6353000-7f7fc639f000 ---p 00000000 00:00 0 
7f7fc639f000-7f7fc67e2000 rw-p 00000000 00:00 0 
7f7fc67e2000-7f7fc682d000 ---p 00000000 00:00 0 
7f7fc682d000-7f7fc6a75000 rw-p 00000000 00:00 0 
7f7fc6a75000-7f7fc6b80000 rw-p 00000000 00:00 0 
7f7fc6b80000-7f7fc6e36000 ---p 00000000 00:00 0 
7f7fc6e36000-7f7fc6e39000 r--p 00000000 08:00 22510                      /usr/lib/libnss_files-2.29.so
7f7fc6e39000-7f7fc6e40000 r-xp 00003000 08:00 22510                      /usr/lib/libnss_files-2.29.so
7f7fc6e40000-7f7fc6e42000 r--p 0000a000 08:00 22510                      /usr/lib/libnss_files-2.29.so
7f7fc6e42000-7f7fc6e43000 r--p 0000b000 08:00 22510                      /usr/lib/libnss_files-2.29.so
7f7fc6e43000-7f7fc6e44000 rw-p 0000c000 08:00 22510                      /usr/lib/libnss_files-2.29.so
7f7fc6e44000-7f7fc6e4a000 rw-p 00000000 00:00 0 
7f7fc6e4a000-7f7fc6e4b000 r--s 00003000 00:2d 10141981                   /tmp/jar_cache8595759917039896754.tmp (deleted)
7f7fc6e4b000-7f7fc6e4c000 r--s 00001000 00:2d 10141975                   /tmp/jar_cache2281512870752465505.tmp (deleted)
7f7fc6e4c000-7f7fc6e4e000 r--s 00006000 00:2d 10141973                   /tmp/jar_cache8219083215806065107.tmp (deleted)
7f7fc6e4e000-7f7fc6e51000 r--p 00000000 08:00 262601                     /usr/lib/jvm/java-8-openjdk/jre/lib/amd64/libzip.so
7f7fc6e51000-7f7fc6e55000 r-xp 00003000 08:00 262601                     /usr/lib/jvm/java-8-openjdk/jre/lib/amd64/libzip.so
7f7fc6e55000-7f7fc6e57000 r--p 00007000 08:00 262601                     /usr/lib/jvm/java-8-openjdk/jre/lib/amd64/libzip.so
7f7fc6e57000-7f7fc6e58000 r--p 00008000 08:00 262601                     /usr/lib/jvm/java-8-openjdk/jre/lib/amd64/libzip.so
7f7fc6e58000-7f7fc6e59000 rw-p 00009000 08:00 262601                     /usr/lib/jvm/java-8-openjdk/jre/lib/amd64/libzip.so
7f7fc6e59000-7f7fc6e66000 r--p 00000000 08:00 262575                     /usr/lib/jvm/java-8-openjdk/jre/lib/amd64/libjava.so
7f7fc6e66000-7f7fc6e7c000 r-xp 0000d000 08:00 262575                     /usr/lib/jvm/java-8-openjdk/jre/lib/amd64/libjava.so
7f7fc6e7c000-7f7fc6e83000 r--p 00023000 08:00 262575                     /usr/lib/jvm/java-8-openjdk/jre/lib/amd64/libjava.so
7f7fc6e83000-7f7fc6e84000 r--p 00029000 08:00 262575                     /usr/lib/jvm/java-8-openjdk/jre/lib/amd64/libjava.so
7f7fc6e84000-7f7fc6e85000 rw-p 0002a000 08:00 262575                     /usr/lib/jvm/java-8-openjdk/jre/lib/amd64/libjava.so
7f7fc6e85000-7f7fc6e86000 rw-p 00000000 00:00 0 
7f7fc6e86000-7f7fc6e8b000 r--p 00000000 08:00 262600                     /usr/lib/jvm/java-8-openjdk/jre/lib/amd64/libverify.so
7f7fc6e8b000-7f7fc6e92000 r-xp 00005000 08:00 262600                     /usr/lib/jvm/java-8-openjdk/jre/lib/amd64/libverify.so
7f7fc6e92000-7f7fc6e94000 r--p 0000c000 08:00 262600                     /usr/lib/jvm/java-8-openjdk/jre/lib/amd64/libverify.so
7f7fc6e94000-7f7fc6e96000 r--p 0000d000 08:00 262600                     /usr/lib/jvm/java-8-openjdk/jre/lib/amd64/libverify.so
7f7fc6e96000-7f7fc6e97000 rw-p 0000f000 08:00 262600                     /usr/lib/jvm/java-8-openjdk/jre/lib/amd64/libverify.so
7f7fc6e97000-7f7fc6e9a000 r--p 00000000 08:00 23195                      /usr/lib/librt-2.29.so
7f7fc6e9a000-7f7fc6e9e000 r-xp 00003000 08:00 23195                      /usr/lib/librt-2.29.so
7f7fc6e9e000-7f7fc6ea0000 r--p 00007000 08:00 23195                      /usr/lib/librt-2.29.so
7f7fc6ea0000-7f7fc6ea1000 r--p 00008000 08:00 23195                      /usr/lib/librt-2.29.so
7f7fc6ea1000-7f7fc6ea2000 rw-p 00009000 08:00 23195                      /usr/lib/librt-2.29.so
7f7fc6ea2000-7f7fc6ea3000 ---p 00000000 00:00 0 
7f7fc6ea3000-7f7fc6ea6000 ---p 00000000 00:00 0 
7f7fc6ea6000-7f7fc6fa3000 rw-p 00000000 00:00 0 
7f7fc6fa3000-7f7fc6fb2000 r--p 00000000 08:00 22091                      /usr/lib/libm-2.29.so
7f7fc6fb2000-7f7fc704e000 r-xp 0000f000 08:00 22091                      /usr/lib/libm-2.29.so
7f7fc704e000-7f7fc70e7000 r--p 000ab000 08:00 22091                      /usr/lib/libm-2.29.so
7f7fc70e7000-7f7fc70e8000 r--p 00143000 08:00 22091                      /usr/lib/libm-2.29.so
7f7fc70e8000-7f7fc70e9000 rw-p 00144000 08:00 22091                      /usr/lib/libm-2.29.so
7f7fc70e9000-7f7fc72da000 r--p 00000000 08:00 262604                     /usr/lib/jvm/java-8-openjdk/jre/lib/amd64/server/libjvm.so
7f7fc72da000-7f7fc7b22000 r-xp 001f1000 08:00 262604                     /usr/lib/jvm/java-8-openjdk/jre/lib/amd64/server/libjvm.so
7f7fc7b22000-7f7fc7cc4000 r--p 00a39000 08:00 262604                     /usr/lib/jvm/java-8-openjdk/jre/lib/amd64/server/libjvm.so
7f7fc7cc4000-7f7fc7d59000 r--p 00bda000 08:00 262604                     /usr/lib/jvm/java-8-openjdk/jre/lib/amd64/server/libjvm.so
7f7fc7d59000-7f7fc7d81000 rw-p 00c6f000 08:00 262604                     /usr/lib/jvm/java-8-openjdk/jre/lib/amd64/server/libjvm.so
7f7fc7d81000-7f7fc7db3000 rw-p 00000000 00:00 0 
7f7fc7db3000-7f7fc7dba000 r--p 00000000 08:00 22583                      /usr/lib/libpthread-2.29.so
7f7fc7dba000-7f7fc7dc9000 r-xp 00007000 08:00 22583                      /usr/lib/libpthread-2.29.so
7f7fc7dc9000-7f7fc7dce000 r--p 00016000 08:00 22583                      /usr/lib/libpthread-2.29.so
7f7fc7dce000-7f7fc7dcf000 r--p 0001a000 08:00 22583                      /usr/lib/libpthread-2.29.so
7f7fc7dcf000-7f7fc7dd0000 rw-p 0001b000 08:00 22583                      /usr/lib/libpthread-2.29.so
7f7fc7dd0000-7f7fc7dd4000 rw-p 00000000 00:00 0 
7f7fc7dd4000-7f7fc7dd5000 r--p 00000000 08:00 21988                      /usr/lib/libdl-2.29.so
7f7fc7dd5000-7f7fc7dd6000 r-xp 00001000 08:00 21988                      /usr/lib/libdl-2.29.so
7f7fc7dd6000-7f7fc7dd7000 r--p 00002000 08:00 21988                      /usr/lib/libdl-2.29.so
7f7fc7dd7000-7f7fc7dd8000 r--p 00002000 08:00 21988                      /usr/lib/libdl-2.29.so
7f7fc7dd8000-7f7fc7dd9000 rw-p 00003000 08:00 21988                      /usr/lib/libdl-2.29.so
7f7fc7dd9000-7f7fc7def000 r-xp 00000000 08:00 32026                      /usr/lib/libz.so.1.2.11
7f7fc7def000-7f7fc7fee000 ---p 00016000 08:00 32026                      /usr/lib/libz.so.1.2.11
7f7fc7fee000-7f7fc7fef000 r--p 00015000 08:00 32026                      /usr/lib/libz.so.1.2.11
7f7fc7fef000-7f7fc7ff0000 rw-p 00016000 08:00 32026                      /usr/lib/libz.so.1.2.11
7f7fc7ff0000-7f7fc8015000 r--p 00000000 08:00 21899                      /usr/lib/libc-2.29.so
7f7fc8015000-7f7fc815f000 r-xp 00025000 08:00 21899                      /usr/lib/libc-2.29.so
7f7fc815f000-7f7fc81a8000 r--p 0016f000 08:00 21899                      /usr/lib/libc-2.29.so
7f7fc81a8000-7f7fc81a9000 ---p 001b8000 08:00 21899                      /usr/lib/libc-2.29.so
7f7fc81a9000-7f7fc81ac000 r--p 001b8000 08:00 21899                      /usr/lib/libc-2.29.so
7f7fc81ac000-7f7fc81af000 rw-p 001bb000 08:00 21899                      /usr/lib/libc-2.29.so
7f7fc81af000-7f7fc81b3000 rw-p 00000000 00:00 0 
7f7fc81b3000-7f7fc81b8000 r--s 000a3000 08:00 262637                     /usr/lib/jvm/java-8-openjdk/jre/lib/jsse.jar
7f7fc81b8000-7f7fc81b9000 r--s 00010000 08:00 262624                     /usr/lib/jvm/java-8-openjdk/jre/lib/ext/zipfs.jar
7f7fc81b9000-7f7fc81c1000 rw-s 00000000 00:2d 10139305                   /tmp/hsperfdata_zhang/3372
7f7fc81c1000-7f7fc81c2000 rw-p 00000000 00:00 0 
7f7fc81c2000-7f7fc81c5000 r--p 00000000 08:00 262561                     /usr/lib/jvm/java-8-openjdk/jre/lib/amd64/jli/libjli.so
7f7fc81c5000-7f7fc81ce000 r-xp 00003000 08:00 262561                     /usr/lib/jvm/java-8-openjdk/jre/lib/amd64/jli/libjli.so
7f7fc81ce000-7f7fc81d1000 r--p 0000c000 08:00 262561                     /usr/lib/jvm/java-8-openjdk/jre/lib/amd64/jli/libjli.so
7f7fc81d1000-7f7fc81d2000 r--p 0000e000 08:00 262561                     /usr/lib/jvm/java-8-openjdk/jre/lib/amd64/jli/libjli.so
7f7fc81d2000-7f7fc81d3000 rw-p 0000f000 08:00 262561                     /usr/lib/jvm/java-8-openjdk/jre/lib/amd64/jli/libjli.so
7f7fc81d3000-7f7fc81d5000 rw-p 00000000 00:00 0 
7f7fc81d5000-7f7fc81d7000 r--p 00000000 08:00 21790                      /usr/lib/ld-2.29.so
7f7fc81d7000-7f7fc81f6000 r-xp 00002000 08:00 21790                      /usr/lib/ld-2.29.so
7f7fc81f6000-7f7fc81fe000 r--p 00021000 08:00 21790                      /usr/lib/ld-2.29.so
7f7fc81fe000-7f7fc81ff000 ---p 00000000 00:00 0 
7f7fc81ff000-7f7fc8200000 r--p 00029000 08:00 21790                      /usr/lib/ld-2.29.so
7f7fc8200000-7f7fc8201000 rw-p 0002a000 08:00 21790                      /usr/lib/ld-2.29.so
7f7fc8201000-7f7fc8202000 rw-p 00000000 00:00 0 
7fff8ae7e000-7fff8ae9f000 rw-p 00000000 00:00 0                          [stack]
7fff8afc3000-7fff8afc6000 r--p 00000000 00:00 0                          [vvar]
7fff8afc6000-7fff8afc7000 r-xp 00000000 00:00 0                          [vdso]
ffffffffff600000-ffffffffff601000 r-xp 00000000 00:00 0                  [vsyscall]

VM Arguments:
jvm_args: -Xmx3500M -Xms1024M 
java_command: fabric-server-launch.jar
java_class_path (initial): fabric-server-launch.jar
Launcher Type: SUN_STANDARD

Environment Variables:
PATH=/usr/local/bin:/usr/local/sbin:/usr/bin:/usr/lib/jvm/default/bin:/usr/bin/site_perl:/usr/bin/vendor_perl:/usr/bin/core_perl:/usr/share/node-v8.9.1-linux-x64/bin:/home/zhang/.scripts:/home/zhang/.npm/bin:/home/zhang/.dynamic-colors/bin:/home/zhang/.color-scripts/color-scripts:.:/usr/lib/jvm/default/bin:/usr/share/node-v8.9.1-linux-x64/bin:/home/zhang/.scripts:/home/zhang/.npm/bin:/home/zhang/.dynamic-colors/bin:/home/zhang/.color-scripts/color-scripts:.
SHELL=/bin/zsh

Signal Handlers:
SIGSEGV: [libjvm.so+0xa09100], sa_mask[0]=11111111011111111101111111111110, sa_flags=SA_RESTART|SA_SIGINFO
SIGBUS: [libjvm.so+0xa09100], sa_mask[0]=11111111011111111101111111111110, sa_flags=SA_RESTART|SA_SIGINFO
SIGFPE: [libjvm.so+0x86be80], sa_mask[0]=11111111011111111101111111111110, sa_flags=SA_RESTART|SA_SIGINFO
SIGPIPE: [libjvm.so+0x86be80], sa_mask[0]=11111111011111111101111111111110, sa_flags=SA_RESTART|SA_SIGINFO
SIGXFSZ: [libjvm.so+0x86be80], sa_mask[0]=11111111011111111101111111111110, sa_flags=SA_RESTART|SA_SIGINFO
SIGILL: [libjvm.so+0x86be80], sa_mask[0]=11111111011111111101111111111110, sa_flags=SA_RESTART|SA_SIGINFO
SIGUSR1: SIG_DFL, sa_mask[0]=00000000000000000000000000000000, sa_flags=none
SIGUSR2: [libjvm.so+0x86bd40], sa_mask[0]=00000000000000000000000000000000, sa_flags=SA_RESTART|SA_SIGINFO
SIGHUP: [libjvm.so+0x86c120], sa_mask[0]=11111111011111111101111111111110, sa_flags=SA_RESTART|SA_SIGINFO
SIGINT: [libjvm.so+0x86c120], sa_mask[0]=11111111011111111101111111111110, sa_flags=SA_RESTART|SA_SIGINFO
SIGTERM: [libjvm.so+0x86c120], sa_mask[0]=11111111011111111101111111111110, sa_flags=SA_RESTART|SA_SIGINFO
SIGQUIT: [libjvm.so+0x86c120], sa_mask[0]=11111111011111111101111111111110, sa_flags=SA_RESTART|SA_SIGINFO


---------------  S Y S T E M  ---------------

OS:NAME="Arch Linux"
PRETTY_NAME="Arch Linux"
ID=arch
BUILD_ID=rolling
ANSI_COLOR="0;36"
HOME_URL="https://www.archlinux.org/"
DOCUMENTATION_URL="https://wiki.archlinux.org/"
SUPPORT_URL="https://bbs.archlinux.org/"
BUG_REPORT_URL="https://bugs.archlinux.org/"
LOGO=archlinux

uname:Linux 5.1.17-x86_64-linode128 #1 SMP PREEMPT Wed Jul 10 17:11:49 UTC 2019 x86_64
libc:glibc 2.29 NPTL 2.29 
rlimit: STACK 8192k, CORE infinity, NPROC 15681, NOFILE 524288, AS infinity
load average:2.68 1.78 1.27

/proc/meminfo:
MemTotal:        4022240 kB
MemFree:          108008 kB
MemAvailable:      12352 kB
Buffers:            3152 kB
Cached:            29856 kB
SwapCached:         2936 kB
Active:          3106696 kB
Inactive:         648284 kB
Active(anon):    3095240 kB
Inactive(anon):   628884 kB
Active(file):      11456 kB
Inactive(file):    19400 kB
Unevictable:           0 kB
Mlocked:               0 kB
SwapTotal:        524284 kB
SwapFree:          40656 kB
Dirty:               216 kB
Writeback:             0 kB
AnonPages:       3719268 kB
Mapped:            21900 kB
Shmem:              2116 kB
KReclaimable:      27076 kB
Slab:              63328 kB
SReclaimable:      27076 kB
SUnreclaim:        36252 kB
KernelStack:        3968 kB
PageTables:        14556 kB
NFS_Unstable:          0 kB
Bounce:                0 kB
WritebackTmp:          0 kB
CommitLimit:     2535404 kB
Committed_AS:    5490524 kB
VmallocTotal:   34359738367 kB
VmallocUsed:           0 kB
VmallocChunk:          0 kB
Percpu:              976 kB
HardwareCorrupted:     0 kB
AnonHugePages:         0 kB
ShmemHugePages:        0 kB
ShmemPmdMapped:        0 kB
HugePages_Total:       0
HugePages_Free:        0
HugePages_Rsvd:        0
HugePages_Surp:        0
Hugepagesize:       2048 kB
Hugetlb:               0 kB
DirectMap4k:       89968 kB
DirectMap2M:     4104192 kB
DirectMap1G:     2097152 kB

container (cgroup) information:
container_type: cgroupv1
cpu_cpuset_cpus: 0-1
cpu_memory_nodes: 0
active_processor_count: 2
cpu_quota: -1
cpu_period: 100000
cpu_shares: -1
memory_limit_in_bytes: -1
memory_and_swap_limit_in_bytes: -1
memory_soft_limit_in_bytes: -1
memory_usage_in_bytes: 3815776256
memory_max_usage_in_bytes: 3824599040


CPU:total 2 (initial active 2) (1 cores per cpu, 1 threads per core) family 23 model 1 stepping 2, cmov, cx8, fxsr, mmx, sse, sse2, sse3, ssse3, sse4.1, sse4.2, popcnt, avx, avx2, aes, clmul, mmxext, 3dnowpref, lzcnt, sse4a, tsc, bmi1

/proc/cpuinfo:
processor	: 0
vendor_id	: AuthenticAMD
cpu family	: 23
model		: 1
model name	: AMD EPYC 7501 32-Core Processor
stepping	: 2
microcode	: 0x1000065
cpu MHz		: 1999.994
cache size	: 512 KB
physical id	: 0
siblings	: 1
core id		: 0
cpu cores	: 1
apicid		: 0
initial apicid	: 0
fpu		: yes
fpu_exception	: yes
cpuid level	: 13
wp		: yes
flags		: fpu vme de pse tsc msr pae mce cx8 apic sep mtrr pge mca cmov pat pse36 clflush mmx fxsr sse sse2 syscall nx mmxext fxsr_opt pdpe1gb rdtscp lm rep_good nopl cpuid extd_apicid tsc_known_freq pni pclmulqdq ssse3 fma cx16 sse4_1 sse4_2 x2apic movbe popcnt tsc_deadline_timer aes xsave avx f16c rdrand hypervisor lahf_lm cmp_legacy cr8_legacy abm sse4a misalignsse 3dnowprefetch osvw ssbd ibpb vmmcall fsgsbase tsc_adjust bmi1 avx2 smep bmi2 rdseed adx smap clflushopt sha_ni xsaveopt xsavec xgetbv1 virt_ssbd arat
bugs		: fxsave_leak sysret_ss_attrs null_seg spectre_v1 spectre_v2 spec_store_bypass
bogomips	: 4001.65
TLB size	: 1024 4K pages
clflush size	: 64
cache_alignment	: 64
address sizes	: 40 bits physical, 48 bits virtual
power management:

processor	: 1
vendor_id	: AuthenticAMD
cpu family	: 23
model		: 1
model name	: AMD EPYC 7501 32-Core Processor
stepping	: 2
microcode	: 0x1000065
cpu MHz		: 1999.994
cache size	: 512 KB
physical id	: 1
siblings	: 1
core id		: 0
cpu cores	: 1
apicid		: 1
initial apicid	: 1
fpu		: yes
fpu_exception	: yes
cpuid level	: 13
wp		: yes
flags		: fpu vme de pse tsc msr pae mce cx8 apic sep mtrr pge mca cmov pat pse36 clflush mmx fxsr sse sse2 syscall nx mmxext fxsr_opt pdpe1gb rdtscp lm rep_good nopl cpuid extd_apicid tsc_known_freq pni pclmulqdq ssse3 fma cx16 sse4_1 sse4_2 x2apic movbe popcnt tsc_deadline_timer aes xsave avx f16c rdrand hypervisor lahf_lm cmp_legacy cr8_legacy abm sse4a misalignsse 3dnowprefetch osvw ssbd ibpb vmmcall fsgsbase tsc_adjust bmi1 avx2 smep bmi2 rdseed adx smap clflushopt sha_ni xsaveopt xsavec xgetbv1 virt_ssbd arat
bugs		: fxsave_leak sysret_ss_attrs null_seg spectre_v1 spectre_v2 spec_store_bypass
bogomips	: 4001.65
TLB size	: 1024 4K pages
clflush size	: 64
cache_alignment	: 64
address sizes	: 40 bits physical, 48 bits virtual
power management:



Memory: 4k page, physical 4022240k(108008k free), swap 524284k(40656k free)

vm_info: OpenJDK 64-Bit Server VM (25.222-b05) for linux-amd64 JRE (1.8.0_222-b05), built on Jun 18 2019 08:19:03 by "builduser" with gcc 8.3.0

time: Sat Nov  2 00:32:35 2019
timezone: EDT
elapsed time: 32122 seconds (0d 8h 55m 22s)

